{"C:\\Users\\Dorcsi\\Desktop\\Codecool\\FS Projects\\fapi-exam-project-2-general-dorimusz\\backend\\app.config.js": {"path":"C:\\Users\\Dorcsi\\Desktop\\Codecool\\FS Projects\\fapi-exam-project-2-general-dorimusz\\backend\\app.config.js","statementMap":{"0":{"start":{"line":1,"column":15},"end":{"line":37,"column":1}},"1":{"start":{"line":39,"column":0},"end":{"line":39,"column":24}}},"fnMap":{},"branchMap":{"0":{"loc":{"start":{"line":5,"column":23},"end":{"line":5,"column":129}},"type":"binary-expr","locations":[{"start":{"line":5,"column":23},"end":{"line":5,"column":51}},{"start":{"line":5,"column":55},"end":{"line":5,"column":129}}],"line":5},"1":{"loc":{"start":{"line":6,"column":27},"end":{"line":6,"column":100}},"type":"binary-expr","locations":[{"start":{"line":6,"column":27},"end":{"line":6,"column":59}},{"start":{"line":6,"column":63},"end":{"line":6,"column":100}}],"line":6},"2":{"loc":{"start":{"line":16,"column":23},"end":{"line":16,"column":59}},"type":"binary-expr","locations":[{"start":{"line":16,"column":23},"end":{"line":16,"column":48}},{"start":{"line":16,"column":52},"end":{"line":16,"column":59}}],"line":16},"3":{"loc":{"start":{"line":17,"column":27},"end":{"line":17,"column":71}},"type":"binary-expr","locations":[{"start":{"line":17,"column":27},"end":{"line":17,"column":56}},{"start":{"line":17,"column":60},"end":{"line":17,"column":71}}],"line":17},"4":{"loc":{"start":{"line":18,"column":26},"end":{"line":18,"column":94}},"type":"binary-expr","locations":[{"start":{"line":18,"column":26},"end":{"line":18,"column":54}},{"start":{"line":18,"column":58},"end":{"line":18,"column":94}}],"line":18}},"s":{"0":1,"1":1},"f":{},"b":{"0":[1,0],"1":[1,0],"2":[1,1],"3":[1,1],"4":[1,1]},"_coverageSchema":"1a1c01bbd47fc00a2c39e90264f33305004495a9","hash":"ca850160af2d3af9e6c17780438d0d523259c98a"}
,"C:\\Users\\Dorcsi\\Desktop\\Codecool\\FS Projects\\fapi-exam-project-2-general-dorimusz\\backend\\app.js": {"path":"C:\\Users\\Dorcsi\\Desktop\\Codecool\\FS Projects\\fapi-exam-project-2-general-dorimusz\\backend\\app.js","statementMap":{"0":{"start":{"line":1,"column":13},"end":{"line":1,"column":28}},"1":{"start":{"line":2,"column":16},"end":{"line":2,"column":34}},"2":{"start":{"line":3,"column":0},"end":{"line":3,"column":32}},"3":{"start":{"line":4,"column":12},"end":{"line":4,"column":21}},"4":{"start":{"line":6,"column":19},"end":{"line":6,"column":50}},"5":{"start":{"line":7,"column":15},"end":{"line":7,"column":32}},"6":{"start":{"line":8,"column":21},"end":{"line":8,"column":58}},"7":{"start":{"line":9,"column":13},"end":{"line":9,"column":42}},"8":{"start":{"line":11,"column":0},"end":{"line":14,"column":4}},"9":{"start":{"line":15,"column":0},"end":{"line":15,"column":24}},"10":{"start":{"line":16,"column":0},"end":{"line":16,"column":81}},"11":{"start":{"line":19,"column":19},"end":{"line":19,"column":43}},"12":{"start":{"line":20,"column":0},"end":{"line":20,"column":32}},"13":{"start":{"line":21,"column":24},"end":{"line":21,"column":53}},"14":{"start":{"line":22,"column":0},"end":{"line":22,"column":42}},"15":{"start":{"line":23,"column":26},"end":{"line":23,"column":57}},"16":{"start":{"line":24,"column":0},"end":{"line":24,"column":42}},"17":{"start":{"line":25,"column":22},"end":{"line":25,"column":49}},"18":{"start":{"line":26,"column":0},"end":{"line":26,"column":38}},"19":{"start":{"line":28,"column":0},"end":{"line":28,"column":21}},"20":{"start":{"line":30,"column":0},"end":{"line":30,"column":20}}},"fnMap":{},"branchMap":{},"s":{"0":1,"1":1,"2":1,"3":1,"4":1,"5":1,"6":1,"7":1,"8":1,"9":1,"10":1,"11":1,"12":1,"13":1,"14":1,"15":1,"16":1,"17":1,"18":1,"19":1,"20":1},"f":{},"b":{},"_coverageSchema":"1a1c01bbd47fc00a2c39e90264f33305004495a9","hash":"87d0f2f6f3c1524ed9ecef2ed8f03143aca48e39"}
,"C:\\Users\\Dorcsi\\Desktop\\Codecool\\FS Projects\\fapi-exam-project-2-general-dorimusz\\backend\\middlewares\\auth.js": {"path":"C:\\Users\\Dorcsi\\Desktop\\Codecool\\FS Projects\\fapi-exam-project-2-general-dorimusz\\backend\\middlewares\\auth.js","statementMap":{"0":{"start":{"line":1,"column":12},"end":{"line":1,"column":35}},"1":{"start":{"line":3,"column":13},"end":{"line":10,"column":1}},"2":{"start":{"line":3,"column":28},"end":{"line":10,"column":1}},"3":{"start":{"line":4,"column":18},"end":{"line":4,"column":45}},"4":{"start":{"line":5,"column":4},"end":{"line":9,"column":7}},"5":{"start":{"line":6,"column":8},"end":{"line":6,"column":55}},"6":{"start":{"line":6,"column":28},"end":{"line":6,"column":55}},"7":{"start":{"line":7,"column":8},"end":{"line":7,"column":31}},"8":{"start":{"line":8,"column":8},"end":{"line":8,"column":15}},"9":{"start":{"line":12,"column":0},"end":{"line":12,"column":22}}},"fnMap":{"0":{"name":"(anonymous_0)","decl":{"start":{"line":3,"column":13},"end":{"line":3,"column":14}},"loc":{"start":{"line":3,"column":28},"end":{"line":10,"column":1}},"line":3},"1":{"name":"(anonymous_1)","decl":{"start":{"line":3,"column":28},"end":{"line":3,"column":29}},"loc":{"start":{"line":3,"column":48},"end":{"line":10,"column":1}},"line":3},"2":{"name":"(anonymous_2)","decl":{"start":{"line":5,"column":46},"end":{"line":5,"column":47}},"loc":{"start":{"line":5,"column":63},"end":{"line":9,"column":5}},"line":5}},"branchMap":{"0":{"loc":{"start":{"line":6,"column":8},"end":{"line":6,"column":55}},"type":"if","locations":[{"start":{"line":6,"column":8},"end":{"line":6,"column":55}},{"start":{},"end":{}}],"line":6},"1":{"loc":{"start":{"line":6,"column":12},"end":{"line":6,"column":26}},"type":"binary-expr","locations":[{"start":{"line":6,"column":12},"end":{"line":6,"column":17}},{"start":{"line":6,"column":21},"end":{"line":6,"column":26}}],"line":6}},"s":{"0":1,"1":1,"2":13,"3":9,"4":9,"5":9,"6":1,"7":8,"8":8,"9":1},"f":{"0":13,"1":9,"2":9},"b":{"0":[1,8],"1":[9,6]},"_coverageSchema":"1a1c01bbd47fc00a2c39e90264f33305004495a9","hash":"31ba676f3053713774bc9a13d163eb25952508e2"}
,"C:\\Users\\Dorcsi\\Desktop\\Codecool\\FS Projects\\fapi-exam-project-2-general-dorimusz\\backend\\middlewares\\errorHandler.js": {"path":"C:\\Users\\Dorcsi\\Desktop\\Codecool\\FS Projects\\fapi-exam-project-2-general-dorimusz\\backend\\middlewares\\errorHandler.js","statementMap":{"0":{"start":{"line":1,"column":15},"end":{"line":1,"column":41}},"1":{"start":{"line":2,"column":21},"end":{"line":6,"column":1}},"2":{"start":{"line":3,"column":4},"end":{"line":3,"column":23}},"3":{"start":{"line":4,"column":4},"end":{"line":4,"column":60}},"4":{"start":{"line":5,"column":4},"end":{"line":5,"column":55}},"5":{"start":{"line":8,"column":0},"end":{"line":8,"column":29}}},"fnMap":{"0":{"name":"(anonymous_0)","decl":{"start":{"line":2,"column":21},"end":{"line":2,"column":22}},"loc":{"start":{"line":2,"column":46},"end":{"line":6,"column":1}},"line":2}},"branchMap":{},"s":{"0":1,"1":1,"2":0,"3":0,"4":0,"5":1},"f":{"0":0},"b":{},"_coverageSchema":"1a1c01bbd47fc00a2c39e90264f33305004495a9","hash":"4ef2f5f4fe61623f5af7d95117a0775347f68f7e"}
,"C:\\Users\\Dorcsi\\Desktop\\Codecool\\FS Projects\\fapi-exam-project-2-general-dorimusz\\backend\\middlewares\\logger.js": {"path":"C:\\Users\\Dorcsi\\Desktop\\Codecool\\FS Projects\\fapi-exam-project-2-general-dorimusz\\backend\\middlewares\\logger.js","statementMap":{"0":{"start":{"line":1,"column":0},"end":{"line":3,"column":1}},"1":{"start":{"line":2,"column":4},"end":{"line":2,"column":11}}},"fnMap":{"0":{"name":"(anonymous_0)","decl":{"start":{"line":1,"column":17},"end":{"line":1,"column":18}},"loc":{"start":{"line":1,"column":37},"end":{"line":3,"column":1}},"line":1}},"branchMap":{},"s":{"0":1,"1":0},"f":{"0":0},"b":{},"_coverageSchema":"1a1c01bbd47fc00a2c39e90264f33305004495a9","hash":"dcd741b2e901997b2ff00736fee94da7d7b0bd05"}
,"C:\\Users\\Dorcsi\\Desktop\\Codecool\\FS Projects\\fapi-exam-project-2-general-dorimusz\\backend\\models\\request.js": {"path":"C:\\Users\\Dorcsi\\Desktop\\Codecool\\FS Projects\\fapi-exam-project-2-general-dorimusz\\backend\\models\\request.js","statementMap":{"0":{"start":{"line":1,"column":17},"end":{"line":1,"column":36}},"1":{"start":{"line":3,"column":22},"end":{"line":8,"column":2}},"2":{"start":{"line":10,"column":16},"end":{"line":10,"column":56}},"3":{"start":{"line":11,"column":0},"end":{"line":11,"column":25}}},"fnMap":{},"branchMap":{},"s":{"0":1,"1":1,"2":1,"3":1},"f":{},"b":{},"_coverageSchema":"1a1c01bbd47fc00a2c39e90264f33305004495a9","hash":"8a3f69c3990aea0f45fbc36e1ec7d9a71a16b51e"}
,"C:\\Users\\Dorcsi\\Desktop\\Codecool\\FS Projects\\fapi-exam-project-2-general-dorimusz\\backend\\models\\user.js": {"path":"C:\\Users\\Dorcsi\\Desktop\\Codecool\\FS Projects\\fapi-exam-project-2-general-dorimusz\\backend\\models\\user.js","statementMap":{"0":{"start":{"line":1,"column":17},"end":{"line":1,"column":36}},"1":{"start":{"line":4,"column":22},"end":{"line":10,"column":2}},"2":{"start":{"line":12,"column":21},"end":{"line":23,"column":2}},"3":{"start":{"line":25,"column":19},"end":{"line":32,"column":2}},"4":{"start":{"line":34,"column":13},"end":{"line":34,"column":47}},"5":{"start":{"line":35,"column":0},"end":{"line":35,"column":22}}},"fnMap":{},"branchMap":{},"s":{"0":1,"1":1,"2":1,"3":1,"4":1,"5":1},"f":{},"b":{},"_coverageSchema":"1a1c01bbd47fc00a2c39e90264f33305004495a9","hash":"9f061f9aced3d059a14be7a2c28ce2ebeaeda60f"}
,"C:\\Users\\Dorcsi\\Desktop\\Codecool\\FS Projects\\fapi-exam-project-2-general-dorimusz\\backend\\routes\\manageShows.js": {"path":"C:\\Users\\Dorcsi\\Desktop\\Codecool\\FS Projects\\fapi-exam-project-2-general-dorimusz\\backend\\routes\\manageShows.js","statementMap":{"0":{"start":{"line":1,"column":15},"end":{"line":1,"column":42}},"1":{"start":{"line":2,"column":13},"end":{"line":2,"column":43}},"2":{"start":{"line":3,"column":13},"end":{"line":3,"column":38}},"3":{"start":{"line":4,"column":12},"end":{"line":4,"column":35}},"4":{"start":{"line":6,"column":0},"end":{"line":15,"column":3}},"5":{"start":{"line":7,"column":18},"end":{"line":7,"column":43}},"6":{"start":{"line":8,"column":25},"end":{"line":8,"column":42}},"7":{"start":{"line":9,"column":4},"end":{"line":9,"column":29}},"8":{"start":{"line":11,"column":4},"end":{"line":11,"column":49}},"9":{"start":{"line":12,"column":17},"end":{"line":12,"column":57}},"10":{"start":{"line":14,"column":4},"end":{"line":14,"column":50}},"11":{"start":{"line":17,"column":0},"end":{"line":30,"column":3}},"12":{"start":{"line":18,"column":20},"end":{"line":18,"column":28}},"13":{"start":{"line":19,"column":4},"end":{"line":19,"column":24}},"14":{"start":{"line":20,"column":4},"end":{"line":20,"column":58}},"15":{"start":{"line":20,"column":18},"end":{"line":20,"column":58}},"16":{"start":{"line":22,"column":18},"end":{"line":22,"column":43}},"17":{"start":{"line":23,"column":25},"end":{"line":23,"column":42}},"18":{"start":{"line":25,"column":17},"end":{"line":25,"column":57}},"19":{"start":{"line":26,"column":4},"end":{"line":26,"column":127}},"20":{"start":{"line":26,"column":55},"end":{"line":26,"column":126}},"21":{"start":{"line":28,"column":4},"end":{"line":28,"column":68}},"22":{"start":{"line":28,"column":37},"end":{"line":28,"column":66}},"23":{"start":{"line":29,"column":4},"end":{"line":29,"column":62}},"24":{"start":{"line":32,"column":0},"end":{"line":44,"column":3}},"25":{"start":{"line":33,"column":20},"end":{"line":33,"column":28}},"26":{"start":{"line":34,"column":4},"end":{"line":34,"column":58}},"27":{"start":{"line":34,"column":18},"end":{"line":34,"column":58}},"28":{"start":{"line":36,"column":18},"end":{"line":36,"column":43}},"29":{"start":{"line":37,"column":25},"end":{"line":37,"column":42}},"30":{"start":{"line":39,"column":17},"end":{"line":39,"column":57}},"31":{"start":{"line":40,"column":4},"end":{"line":40,"column":129}},"32":{"start":{"line":40,"column":55},"end":{"line":40,"column":128}},"33":{"start":{"line":42,"column":4},"end":{"line":42,"column":68}},"34":{"start":{"line":42,"column":37},"end":{"line":42,"column":66}},"35":{"start":{"line":43,"column":4},"end":{"line":43,"column":62}},"36":{"start":{"line":46,"column":0},"end":{"line":58,"column":3}},"37":{"start":{"line":47,"column":20},"end":{"line":47,"column":33}},"38":{"start":{"line":48,"column":4},"end":{"line":48,"column":58}},"39":{"start":{"line":48,"column":18},"end":{"line":48,"column":58}},"40":{"start":{"line":50,"column":18},"end":{"line":50,"column":43}},"41":{"start":{"line":51,"column":25},"end":{"line":51,"column":42}},"42":{"start":{"line":53,"column":17},"end":{"line":53,"column":57}},"43":{"start":{"line":54,"column":4},"end":{"line":54,"column":120}},"44":{"start":{"line":54,"column":55},"end":{"line":54,"column":119}},"45":{"start":{"line":56,"column":4},"end":{"line":56,"column":68}},"46":{"start":{"line":56,"column":37},"end":{"line":56,"column":66}},"47":{"start":{"line":57,"column":4},"end":{"line":57,"column":62}},"48":{"start":{"line":60,"column":19},"end":{"line":62,"column":1}},"49":{"start":{"line":61,"column":4},"end":{"line":61,"column":44}},"50":{"start":{"line":64,"column":21},"end":{"line":66,"column":1}},"51":{"start":{"line":65,"column":4},"end":{"line":65,"column":45}},"52":{"start":{"line":68,"column":19},"end":{"line":70,"column":1}},"53":{"start":{"line":69,"column":4},"end":{"line":69,"column":59}},"54":{"start":{"line":72,"column":0},"end":{"line":72,"column":24}}},"fnMap":{"0":{"name":"(anonymous_0)","decl":{"start":{"line":6,"column":45},"end":{"line":6,"column":46}},"loc":{"start":{"line":6,"column":65},"end":{"line":15,"column":1}},"line":6},"1":{"name":"(anonymous_1)","decl":{"start":{"line":17,"column":54},"end":{"line":17,"column":55}},"loc":{"start":{"line":17,"column":74},"end":{"line":30,"column":1}},"line":17},"2":{"name":"(anonymous_2)","decl":{"start":{"line":26,"column":40},"end":{"line":26,"column":41}},"loc":{"start":{"line":26,"column":55},"end":{"line":26,"column":126}},"line":26},"3":{"name":"(anonymous_3)","decl":{"start":{"line":28,"column":28},"end":{"line":28,"column":29}},"loc":{"start":{"line":28,"column":37},"end":{"line":28,"column":66}},"line":28},"4":{"name":"(anonymous_4)","decl":{"start":{"line":32,"column":56},"end":{"line":32,"column":57}},"loc":{"start":{"line":32,"column":76},"end":{"line":44,"column":1}},"line":32},"5":{"name":"(anonymous_5)","decl":{"start":{"line":40,"column":40},"end":{"line":40,"column":41}},"loc":{"start":{"line":40,"column":55},"end":{"line":40,"column":128}},"line":40},"6":{"name":"(anonymous_6)","decl":{"start":{"line":42,"column":28},"end":{"line":42,"column":29}},"loc":{"start":{"line":42,"column":37},"end":{"line":42,"column":66}},"line":42},"7":{"name":"(anonymous_7)","decl":{"start":{"line":46,"column":48},"end":{"line":46,"column":49}},"loc":{"start":{"line":46,"column":68},"end":{"line":58,"column":1}},"line":46},"8":{"name":"(anonymous_8)","decl":{"start":{"line":54,"column":40},"end":{"line":54,"column":41}},"loc":{"start":{"line":54,"column":55},"end":{"line":54,"column":119}},"line":54},"9":{"name":"(anonymous_9)","decl":{"start":{"line":56,"column":28},"end":{"line":56,"column":29}},"loc":{"start":{"line":56,"column":37},"end":{"line":56,"column":66}},"line":56},"10":{"name":"(anonymous_10)","decl":{"start":{"line":60,"column":19},"end":{"line":60,"column":20}},"loc":{"start":{"line":60,"column":34},"end":{"line":62,"column":1}},"line":60},"11":{"name":"(anonymous_11)","decl":{"start":{"line":64,"column":21},"end":{"line":64,"column":22}},"loc":{"start":{"line":64,"column":36},"end":{"line":66,"column":1}},"line":64},"12":{"name":"(anonymous_12)","decl":{"start":{"line":68,"column":19},"end":{"line":68,"column":20}},"loc":{"start":{"line":68,"column":34},"end":{"line":70,"column":1}},"line":68}},"branchMap":{"0":{"loc":{"start":{"line":20,"column":4},"end":{"line":20,"column":58}},"type":"if","locations":[{"start":{"line":20,"column":4},"end":{"line":20,"column":58}},{"start":{},"end":{}}],"line":20},"1":{"loc":{"start":{"line":26,"column":55},"end":{"line":26,"column":126}},"type":"cond-expr","locations":[{"start":{"line":26,"column":93},"end":{"line":26,"column":114}},{"start":{"line":26,"column":117},"end":{"line":26,"column":126}}],"line":26},"2":{"loc":{"start":{"line":34,"column":4},"end":{"line":34,"column":58}},"type":"if","locations":[{"start":{"line":34,"column":4},"end":{"line":34,"column":58}},{"start":{},"end":{}}],"line":34},"3":{"loc":{"start":{"line":40,"column":55},"end":{"line":40,"column":128}},"type":"cond-expr","locations":[{"start":{"line":40,"column":93},"end":{"line":40,"column":116}},{"start":{"line":40,"column":119},"end":{"line":40,"column":128}}],"line":40},"4":{"loc":{"start":{"line":48,"column":4},"end":{"line":48,"column":58}},"type":"if","locations":[{"start":{"line":48,"column":4},"end":{"line":48,"column":58}},{"start":{},"end":{}}],"line":48},"5":{"loc":{"start":{"line":54,"column":55},"end":{"line":54,"column":119}},"type":"cond-expr","locations":[{"start":{"line":54,"column":86},"end":{"line":54,"column":107}},{"start":{"line":54,"column":110},"end":{"line":54,"column":119}}],"line":54}},"s":{"0":1,"1":1,"2":1,"3":1,"4":1,"5":0,"6":0,"7":0,"8":0,"9":0,"10":0,"11":1,"12":0,"13":0,"14":0,"15":0,"16":0,"17":0,"18":0,"19":0,"20":0,"21":0,"22":0,"23":0,"24":1,"25":0,"26":0,"27":0,"28":0,"29":0,"30":0,"31":0,"32":0,"33":0,"34":0,"35":0,"36":1,"37":0,"38":0,"39":0,"40":0,"41":0,"42":0,"43":0,"44":0,"45":0,"46":0,"47":0,"48":1,"49":0,"50":1,"51":0,"52":1,"53":0,"54":1},"f":{"0":0,"1":0,"2":0,"3":0,"4":0,"5":0,"6":0,"7":0,"8":0,"9":0,"10":0,"11":0,"12":0},"b":{"0":[0,0],"1":[0,0],"2":[0,0],"3":[0,0],"4":[0,0],"5":[0,0]},"_coverageSchema":"1a1c01bbd47fc00a2c39e90264f33305004495a9","hash":"285e25ee0040b2b396268a1e85444a55816ab7ae"}
,"C:\\Users\\Dorcsi\\Desktop\\Codecool\\FS Projects\\fapi-exam-project-2-general-dorimusz\\backend\\routes\\request.js": {"path":"C:\\Users\\Dorcsi\\Desktop\\Codecool\\FS Projects\\fapi-exam-project-2-general-dorimusz\\backend\\routes\\request.js","statementMap":{"0":{"start":{"line":1,"column":15},"end":{"line":1,"column":42}},"1":{"start":{"line":2,"column":13},"end":{"line":2,"column":43}},"2":{"start":{"line":3,"column":16},"end":{"line":3,"column":44}},"3":{"start":{"line":5,"column":0},"end":{"line":10,"column":2}},"4":{"start":{"line":6,"column":19},"end":{"line":6,"column":41}},"5":{"start":{"line":7,"column":4},"end":{"line":7,"column":25}},"6":{"start":{"line":8,"column":4},"end":{"line":8,"column":22}},"7":{"start":{"line":12,"column":0},"end":{"line":25,"column":3}},"8":{"start":{"line":14,"column":20},"end":{"line":14,"column":28}},"9":{"start":{"line":15,"column":4},"end":{"line":15,"column":58}},"10":{"start":{"line":15,"column":18},"end":{"line":15,"column":58}},"11":{"start":{"line":16,"column":4},"end":{"line":16,"column":73}},"12":{"start":{"line":16,"column":24},"end":{"line":16,"column":73}},"13":{"start":{"line":18,"column":20},"end":{"line":21,"column":6}},"14":{"start":{"line":22,"column":4},"end":{"line":22,"column":78}},"15":{"start":{"line":22,"column":42},"end":{"line":22,"column":74}},"16":{"start":{"line":23,"column":4},"end":{"line":23,"column":84}},"17":{"start":{"line":27,"column":0},"end":{"line":27,"column":24}}},"fnMap":{"0":{"name":"(anonymous_0)","decl":{"start":{"line":5,"column":39},"end":{"line":5,"column":40}},"loc":{"start":{"line":5,"column":59},"end":{"line":10,"column":1}},"line":5},"1":{"name":"(anonymous_1)","decl":{"start":{"line":12,"column":40},"end":{"line":12,"column":41}},"loc":{"start":{"line":12,"column":60},"end":{"line":25,"column":1}},"line":12},"2":{"name":"(anonymous_2)","decl":{"start":{"line":22,"column":31},"end":{"line":22,"column":32}},"loc":{"start":{"line":22,"column":40},"end":{"line":22,"column":76}},"line":22}},"branchMap":{"0":{"loc":{"start":{"line":15,"column":4},"end":{"line":15,"column":58}},"type":"if","locations":[{"start":{"line":15,"column":4},"end":{"line":15,"column":58}},{"start":{},"end":{}}],"line":15},"1":{"loc":{"start":{"line":16,"column":4},"end":{"line":16,"column":73}},"type":"if","locations":[{"start":{"line":16,"column":4},"end":{"line":16,"column":73}},{"start":{},"end":{}}],"line":16}},"s":{"0":1,"1":1,"2":1,"3":1,"4":0,"5":0,"6":0,"7":1,"8":0,"9":0,"10":0,"11":0,"12":0,"13":0,"14":0,"15":0,"16":0,"17":1},"f":{"0":0,"1":0,"2":0},"b":{"0":[0,0],"1":[0,0]},"_coverageSchema":"1a1c01bbd47fc00a2c39e90264f33305004495a9","hash":"109e78d5c4b25852880d19d61e86c5f093c8d48a"}
,"C:\\Users\\Dorcsi\\Desktop\\Codecool\\FS Projects\\fapi-exam-project-2-general-dorimusz\\backend\\routes\\user.js": {"path":"C:\\Users\\Dorcsi\\Desktop\\Codecool\\FS Projects\\fapi-exam-project-2-general-dorimusz\\backend\\routes\\user.js","statementMap":{"0":{"start":{"line":1,"column":15},"end":{"line":1,"column":42}},"1":{"start":{"line":2,"column":13},"end":{"line":2,"column":37}},"2":{"start":{"line":3,"column":12},"end":{"line":3,"column":35}},"3":{"start":{"line":4,"column":13},"end":{"line":4,"column":38}},"4":{"start":{"line":5,"column":13},"end":{"line":5,"column":43}},"5":{"start":{"line":6,"column":15},"end":{"line":6,"column":39}},"6":{"start":{"line":8,"column":0},"end":{"line":56,"column":3}},"7":{"start":{"line":9,"column":20},"end":{"line":9,"column":28}},"8":{"start":{"line":10,"column":4},"end":{"line":10,"column":58}},"9":{"start":{"line":10,"column":18},"end":{"line":10,"column":58}},"10":{"start":{"line":12,"column":17},"end":{"line":12,"column":29}},"11":{"start":{"line":13,"column":21},"end":{"line":13,"column":37}},"12":{"start":{"line":14,"column":4},"end":{"line":14,"column":54}},"13":{"start":{"line":14,"column":28},"end":{"line":14,"column":54}},"14":{"start":{"line":15,"column":4},"end":{"line":15,"column":80}},"15":{"start":{"line":15,"column":54},"end":{"line":15,"column":80}},"16":{"start":{"line":18,"column":21},"end":{"line":29,"column":10}},"17":{"start":{"line":31,"column":4},"end":{"line":31,"column":71}},"18":{"start":{"line":31,"column":19},"end":{"line":31,"column":71}},"19":{"start":{"line":32,"column":4},"end":{"line":32,"column":83}},"20":{"start":{"line":32,"column":33},"end":{"line":32,"column":83}},"21":{"start":{"line":34,"column":20},"end":{"line":34,"column":54}},"22":{"start":{"line":35,"column":4},"end":{"line":35,"column":45}},"23":{"start":{"line":35,"column":18},"end":{"line":35,"column":45}},"24":{"start":{"line":36,"column":4},"end":{"line":36,"column":25}},"25":{"start":{"line":40,"column":16},"end":{"line":40,"column":39}},"26":{"start":{"line":41,"column":15},"end":{"line":43,"column":5}},"27":{"start":{"line":45,"column":4},"end":{"line":49,"column":5}},"28":{"start":{"line":46,"column":8},"end":{"line":46,"column":77}},"29":{"start":{"line":48,"column":8},"end":{"line":48,"column":33}},"30":{"start":{"line":53,"column":25},"end":{"line":53,"column":164}},"31":{"start":{"line":55,"column":4},"end":{"line":55,"column":30}},"32":{"start":{"line":59,"column":0},"end":{"line":66,"column":3}},"33":{"start":{"line":61,"column":4},"end":{"line":61,"column":56}},"34":{"start":{"line":61,"column":29},"end":{"line":61,"column":56}},"35":{"start":{"line":62,"column":17},"end":{"line":62,"column":105}},"36":{"start":{"line":64,"column":25},"end":{"line":64,"column":131}},"37":{"start":{"line":65,"column":4},"end":{"line":65,"column":31}},"38":{"start":{"line":69,"column":0},"end":{"line":69,"column":24}}},"fnMap":{"0":{"name":"(anonymous_0)","decl":{"start":{"line":8,"column":46},"end":{"line":8,"column":47}},"loc":{"start":{"line":8,"column":66},"end":{"line":56,"column":1}},"line":8},"1":{"name":"(anonymous_1)","decl":{"start":{"line":59,"column":46},"end":{"line":59,"column":47}},"loc":{"start":{"line":59,"column":66},"end":{"line":66,"column":1}},"line":59}},"branchMap":{"0":{"loc":{"start":{"line":10,"column":4},"end":{"line":10,"column":58}},"type":"if","locations":[{"start":{"line":10,"column":4},"end":{"line":10,"column":58}},{"start":{},"end":{}}],"line":10},"1":{"loc":{"start":{"line":14,"column":4},"end":{"line":14,"column":54}},"type":"if","locations":[{"start":{"line":14,"column":4},"end":{"line":14,"column":54}},{"start":{},"end":{}}],"line":14},"2":{"loc":{"start":{"line":14,"column":8},"end":{"line":14,"column":26}},"type":"binary-expr","locations":[{"start":{"line":14,"column":8},"end":{"line":14,"column":13}},{"start":{"line":14,"column":17},"end":{"line":14,"column":26}}],"line":14},"3":{"loc":{"start":{"line":15,"column":4},"end":{"line":15,"column":80}},"type":"if","locations":[{"start":{"line":15,"column":4},"end":{"line":15,"column":80}},{"start":{},"end":{}}],"line":15},"4":{"loc":{"start":{"line":31,"column":4},"end":{"line":31,"column":71}},"type":"if","locations":[{"start":{"line":31,"column":4},"end":{"line":31,"column":71}},{"start":{},"end":{}}],"line":31},"5":{"loc":{"start":{"line":32,"column":4},"end":{"line":32,"column":83}},"type":"if","locations":[{"start":{"line":32,"column":4},"end":{"line":32,"column":83}},{"start":{},"end":{}}],"line":32},"6":{"loc":{"start":{"line":35,"column":4},"end":{"line":35,"column":45}},"type":"if","locations":[{"start":{"line":35,"column":4},"end":{"line":35,"column":45}},{"start":{},"end":{}}],"line":35},"7":{"loc":{"start":{"line":45,"column":4},"end":{"line":49,"column":5}},"type":"if","locations":[{"start":{"line":45,"column":4},"end":{"line":49,"column":5}},{"start":{},"end":{}}],"line":45},"8":{"loc":{"start":{"line":45,"column":8},"end":{"line":45,"column":42}},"type":"binary-expr","locations":[{"start":{"line":45,"column":8},"end":{"line":45,"column":12}},{"start":{"line":45,"column":16},"end":{"line":45,"column":42}}],"line":45},"9":{"loc":{"start":{"line":53,"column":70},"end":{"line":53,"column":116}},"type":"cond-expr","locations":[{"start":{"line":53,"column":77},"end":{"line":53,"column":91}},{"start":{"line":53,"column":94},"end":{"line":53,"column":116}}],"line":53},"10":{"loc":{"start":{"line":61,"column":4},"end":{"line":61,"column":56}},"type":"if","locations":[{"start":{"line":61,"column":4},"end":{"line":61,"column":56}},{"start":{},"end":{}}],"line":61}},"s":{"0":1,"1":1,"2":1,"3":1,"4":1,"5":1,"6":1,"7":5,"8":5,"9":0,"10":5,"11":5,"12":5,"13":3,"14":2,"15":1,"16":1,"17":1,"18":0,"19":1,"20":0,"21":1,"22":1,"23":0,"24":1,"25":1,"26":1,"27":1,"28":0,"29":0,"30":1,"31":1,"32":1,"33":3,"34":1,"35":2,"36":2,"37":2,"38":1},"f":{"0":5,"1":3},"b":{"0":[0,5],"1":[3,2],"2":[5,3],"3":[1,1],"4":[0,1],"5":[0,1],"6":[0,1],"7":[0,1],"8":[1,0],"9":[0,1],"10":[1,2]},"_coverageSchema":"1a1c01bbd47fc00a2c39e90264f33305004495a9","hash":"85f17039a668078a9a53729b768272407b50dd38"}
,"C:\\Users\\Dorcsi\\Desktop\\Codecool\\FS Projects\\fapi-exam-project-2-general-dorimusz\\backend\\routes\\watchlist.js": {"path":"C:\\Users\\Dorcsi\\Desktop\\Codecool\\FS Projects\\fapi-exam-project-2-general-dorimusz\\backend\\routes\\watchlist.js","statementMap":{"0":{"start":{"line":1,"column":15},"end":{"line":1,"column":42}},"1":{"start":{"line":2,"column":13},"end":{"line":2,"column":43}},"2":{"start":{"line":3,"column":13},"end":{"line":3,"column":38}},"3":{"start":{"line":4,"column":12},"end":{"line":4,"column":35}},"4":{"start":{"line":6,"column":0},"end":{"line":15,"column":3}},"5":{"start":{"line":7,"column":18},"end":{"line":7,"column":43}},"6":{"start":{"line":8,"column":25},"end":{"line":8,"column":42}},"7":{"start":{"line":9,"column":4},"end":{"line":9,"column":29}},"8":{"start":{"line":11,"column":4},"end":{"line":11,"column":49}},"9":{"start":{"line":12,"column":17},"end":{"line":12,"column":57}},"10":{"start":{"line":14,"column":4},"end":{"line":14,"column":50}},"11":{"start":{"line":17,"column":0},"end":{"line":30,"column":3}},"12":{"start":{"line":18,"column":18},"end":{"line":18,"column":43}},"13":{"start":{"line":19,"column":25},"end":{"line":19,"column":42}},"14":{"start":{"line":21,"column":17},"end":{"line":21,"column":57}},"15":{"start":{"line":22,"column":4},"end":{"line":22,"column":35}},"16":{"start":{"line":25,"column":19},"end":{"line":25,"column":36}},"17":{"start":{"line":27,"column":30},"end":{"line":27,"column":78}},"18":{"start":{"line":27,"column":58},"end":{"line":27,"column":77}},"19":{"start":{"line":29,"column":4},"end":{"line":29,"column":41}},"20":{"start":{"line":32,"column":0},"end":{"line":46,"column":3}},"21":{"start":{"line":33,"column":20},"end":{"line":33,"column":28}},"22":{"start":{"line":34,"column":4},"end":{"line":34,"column":58}},"23":{"start":{"line":34,"column":18},"end":{"line":34,"column":58}},"24":{"start":{"line":36,"column":18},"end":{"line":36,"column":43}},"25":{"start":{"line":37,"column":25},"end":{"line":37,"column":42}},"26":{"start":{"line":39,"column":17},"end":{"line":39,"column":57}},"27":{"start":{"line":41,"column":4},"end":{"line":41,"column":70}},"28":{"start":{"line":41,"column":37},"end":{"line":41,"column":66}},"29":{"start":{"line":42,"column":4},"end":{"line":42,"column":68}},"30":{"start":{"line":42,"column":42},"end":{"line":42,"column":68}},"31":{"start":{"line":43,"column":4},"end":{"line":43,"column":33}},"32":{"start":{"line":44,"column":4},"end":{"line":44,"column":68}},"33":{"start":{"line":44,"column":37},"end":{"line":44,"column":66}},"34":{"start":{"line":45,"column":4},"end":{"line":45,"column":62}},"35":{"start":{"line":49,"column":0},"end":{"line":61,"column":3}},"36":{"start":{"line":50,"column":20},"end":{"line":50,"column":28}},"37":{"start":{"line":51,"column":4},"end":{"line":51,"column":58}},"38":{"start":{"line":51,"column":18},"end":{"line":51,"column":58}},"39":{"start":{"line":53,"column":18},"end":{"line":53,"column":43}},"40":{"start":{"line":54,"column":25},"end":{"line":54,"column":42}},"41":{"start":{"line":56,"column":17},"end":{"line":56,"column":57}},"42":{"start":{"line":57,"column":4},"end":{"line":57,"column":143}},"43":{"start":{"line":57,"column":55},"end":{"line":57,"column":142}},"44":{"start":{"line":59,"column":4},"end":{"line":59,"column":68}},"45":{"start":{"line":59,"column":37},"end":{"line":59,"column":66}},"46":{"start":{"line":60,"column":4},"end":{"line":60,"column":62}},"47":{"start":{"line":76,"column":0},"end":{"line":89,"column":3}},"48":{"start":{"line":77,"column":4},"end":{"line":77,"column":30}},"49":{"start":{"line":78,"column":20},"end":{"line":78,"column":33}},"50":{"start":{"line":79,"column":4},"end":{"line":79,"column":58}},"51":{"start":{"line":79,"column":18},"end":{"line":79,"column":58}},"52":{"start":{"line":81,"column":18},"end":{"line":81,"column":43}},"53":{"start":{"line":82,"column":25},"end":{"line":82,"column":42}},"54":{"start":{"line":84,"column":17},"end":{"line":84,"column":57}},"55":{"start":{"line":85,"column":4},"end":{"line":85,"column":149}},"56":{"start":{"line":85,"column":55},"end":{"line":85,"column":148}},"57":{"start":{"line":87,"column":4},"end":{"line":87,"column":68}},"58":{"start":{"line":87,"column":37},"end":{"line":87,"column":66}},"59":{"start":{"line":88,"column":4},"end":{"line":88,"column":62}},"60":{"start":{"line":91,"column":23},"end":{"line":96,"column":1}},"61":{"start":{"line":92,"column":4},"end":{"line":95,"column":5}},"62":{"start":{"line":94,"column":51},"end":{"line":94,"column":108}},"63":{"start":{"line":97,"column":29},"end":{"line":102,"column":1}},"64":{"start":{"line":98,"column":4},"end":{"line":101,"column":5}},"65":{"start":{"line":100,"column":51},"end":{"line":100,"column":109}},"66":{"start":{"line":104,"column":0},"end":{"line":104,"column":24}}},"fnMap":{"0":{"name":"(anonymous_0)","decl":{"start":{"line":6,"column":39},"end":{"line":6,"column":40}},"loc":{"start":{"line":6,"column":59},"end":{"line":15,"column":1}},"line":6},"1":{"name":"(anonymous_1)","decl":{"start":{"line":17,"column":51},"end":{"line":17,"column":52}},"loc":{"start":{"line":17,"column":71},"end":{"line":30,"column":1}},"line":17},"2":{"name":"(anonymous_2)","decl":{"start":{"line":27,"column":51},"end":{"line":27,"column":52}},"loc":{"start":{"line":27,"column":58},"end":{"line":27,"column":77}},"line":27},"3":{"name":"(anonymous_3)","decl":{"start":{"line":32,"column":40},"end":{"line":32,"column":41}},"loc":{"start":{"line":32,"column":60},"end":{"line":46,"column":1}},"line":32},"4":{"name":"(anonymous_4)","decl":{"start":{"line":41,"column":23},"end":{"line":41,"column":24}},"loc":{"start":{"line":41,"column":35},"end":{"line":41,"column":68}},"line":41},"5":{"name":"(anonymous_5)","decl":{"start":{"line":44,"column":28},"end":{"line":44,"column":29}},"loc":{"start":{"line":44,"column":37},"end":{"line":44,"column":66}},"line":44},"6":{"name":"(anonymous_6)","decl":{"start":{"line":49,"column":41},"end":{"line":49,"column":42}},"loc":{"start":{"line":49,"column":61},"end":{"line":61,"column":1}},"line":49},"7":{"name":"(anonymous_7)","decl":{"start":{"line":57,"column":40},"end":{"line":57,"column":41}},"loc":{"start":{"line":57,"column":55},"end":{"line":57,"column":142}},"line":57},"8":{"name":"(anonymous_8)","decl":{"start":{"line":59,"column":28},"end":{"line":59,"column":29}},"loc":{"start":{"line":59,"column":37},"end":{"line":59,"column":66}},"line":59},"9":{"name":"(anonymous_9)","decl":{"start":{"line":76,"column":42},"end":{"line":76,"column":43}},"loc":{"start":{"line":76,"column":62},"end":{"line":89,"column":1}},"line":76},"10":{"name":"(anonymous_10)","decl":{"start":{"line":85,"column":40},"end":{"line":85,"column":41}},"loc":{"start":{"line":85,"column":55},"end":{"line":85,"column":148}},"line":85},"11":{"name":"(anonymous_11)","decl":{"start":{"line":87,"column":28},"end":{"line":87,"column":29}},"loc":{"start":{"line":87,"column":37},"end":{"line":87,"column":66}},"line":87},"12":{"name":"(anonymous_12)","decl":{"start":{"line":91,"column":23},"end":{"line":91,"column":24}},"loc":{"start":{"line":91,"column":42},"end":{"line":96,"column":1}},"line":91},"13":{"name":"(anonymous_13)","decl":{"start":{"line":94,"column":39},"end":{"line":94,"column":40}},"loc":{"start":{"line":94,"column":51},"end":{"line":94,"column":108}},"line":94},"14":{"name":"(anonymous_14)","decl":{"start":{"line":97,"column":29},"end":{"line":97,"column":30}},"loc":{"start":{"line":97,"column":48},"end":{"line":102,"column":1}},"line":97},"15":{"name":"(anonymous_15)","decl":{"start":{"line":100,"column":39},"end":{"line":100,"column":40}},"loc":{"start":{"line":100,"column":51},"end":{"line":100,"column":109}},"line":100}},"branchMap":{"0":{"loc":{"start":{"line":34,"column":4},"end":{"line":34,"column":58}},"type":"if","locations":[{"start":{"line":34,"column":4},"end":{"line":34,"column":58}},{"start":{},"end":{}}],"line":34},"1":{"loc":{"start":{"line":42,"column":4},"end":{"line":42,"column":68}},"type":"if","locations":[{"start":{"line":42,"column":4},"end":{"line":42,"column":68}},{"start":{},"end":{}}],"line":42},"2":{"loc":{"start":{"line":51,"column":4},"end":{"line":51,"column":58}},"type":"if","locations":[{"start":{"line":51,"column":4},"end":{"line":51,"column":58}},{"start":{},"end":{}}],"line":51},"3":{"loc":{"start":{"line":57,"column":55},"end":{"line":57,"column":142}},"type":"cond-expr","locations":[{"start":{"line":57,"column":93},"end":{"line":57,"column":130}},{"start":{"line":57,"column":133},"end":{"line":57,"column":142}}],"line":57},"4":{"loc":{"start":{"line":79,"column":4},"end":{"line":79,"column":58}},"type":"if","locations":[{"start":{"line":79,"column":4},"end":{"line":79,"column":58}},{"start":{},"end":{}}],"line":79},"5":{"loc":{"start":{"line":85,"column":55},"end":{"line":85,"column":148}},"type":"cond-expr","locations":[{"start":{"line":85,"column":93},"end":{"line":85,"column":136}},{"start":{"line":85,"column":139},"end":{"line":85,"column":148}}],"line":85},"6":{"loc":{"start":{"line":94,"column":51},"end":{"line":94,"column":108}},"type":"cond-expr","locations":[{"start":{"line":94,"column":70},"end":{"line":94,"column":98}},{"start":{"line":94,"column":102},"end":{"line":94,"column":108}}],"line":94},"7":{"loc":{"start":{"line":100,"column":51},"end":{"line":100,"column":109}},"type":"cond-expr","locations":[{"start":{"line":100,"column":70},"end":{"line":100,"column":99}},{"start":{"line":100,"column":103},"end":{"line":100,"column":109}}],"line":100}},"s":{"0":1,"1":1,"2":1,"3":1,"4":1,"5":0,"6":0,"7":0,"8":0,"9":0,"10":0,"11":1,"12":0,"13":0,"14":0,"15":0,"16":0,"17":0,"18":0,"19":0,"20":1,"21":0,"22":0,"23":0,"24":0,"25":0,"26":0,"27":0,"28":0,"29":0,"30":0,"31":0,"32":0,"33":0,"34":0,"35":1,"36":0,"37":0,"38":0,"39":0,"40":0,"41":0,"42":0,"43":0,"44":0,"45":0,"46":0,"47":1,"48":0,"49":0,"50":0,"51":0,"52":0,"53":0,"54":0,"55":0,"56":0,"57":0,"58":0,"59":0,"60":1,"61":0,"62":0,"63":1,"64":0,"65":0,"66":1},"f":{"0":0,"1":0,"2":0,"3":0,"4":0,"5":0,"6":0,"7":0,"8":0,"9":0,"10":0,"11":0,"12":0,"13":0,"14":0,"15":0},"b":{"0":[0,0],"1":[0,0],"2":[0,0],"3":[0,0],"4":[0,0],"5":[0,0],"6":[0,0],"7":[0,0]},"_coverageSchema":"1a1c01bbd47fc00a2c39e90264f33305004495a9","hash":"a1ff62e973b2b0b74545be681a6636cb09433255"}
,"C:\\Users\\Dorcsi\\Desktop\\Codecool\\FS Projects\\fapi-exam-project-2-general-dorimusz\\backend\\tests\\util\\httpMock.js": {"path":"C:\\Users\\Dorcsi\\Desktop\\Codecool\\FS Projects\\fapi-exam-project-2-general-dorimusz\\backend\\tests\\util\\httpMock.js","statementMap":{"0":{"start":{"line":2,"column":22},"end":{"line":2,"column":49}},"1":{"start":{"line":3,"column":25},"end":{"line":3,"column":54}},"2":{"start":{"line":4,"column":12},"end":{"line":4,"column":35}},"3":{"start":{"line":6,"column":13},"end":{"line":6,"column":44}},"4":{"start":{"line":8,"column":35},"end":{"line":13,"column":1}},"5":{"start":{"line":9,"column":18},"end":{"line":9,"column":45}},"6":{"start":{"line":10,"column":4},"end":{"line":12,"column":44}},"7":{"start":{"line":15,"column":33},"end":{"line":19,"column":1}},"8":{"start":{"line":16,"column":4},"end":{"line":18,"column":23}},"9":{"start":{"line":21,"column":0},"end":{"line":21,"column":73}}},"fnMap":{"0":{"name":"(anonymous_0)","decl":{"start":{"line":8,"column":35},"end":{"line":8,"column":36}},"loc":{"start":{"line":8,"column":44},"end":{"line":13,"column":1}},"line":8},"1":{"name":"(anonymous_1)","decl":{"start":{"line":15,"column":33},"end":{"line":15,"column":34}},"loc":{"start":{"line":15,"column":42},"end":{"line":19,"column":1}},"line":15}},"branchMap":{},"s":{"0":1,"1":1,"2":1,"3":1,"4":1,"5":1,"6":1,"7":1,"8":0,"9":1},"f":{"0":1,"1":0},"b":{},"_coverageSchema":"1a1c01bbd47fc00a2c39e90264f33305004495a9","hash":"3de2f936205852b3777de6e20da8df6768091bc9"}
,"C:\\Users\\Dorcsi\\Desktop\\Codecool\\FS Projects\\fapi-exam-project-2-general-dorimusz\\backend\\tests\\util\\inMemoryDB.js": {"path":"C:\\Users\\Dorcsi\\Desktop\\Codecool\\FS Projects\\fapi-exam-project-2-general-dorimusz\\backend\\tests\\util\\inMemoryDB.js","statementMap":{"0":{"start":{"line":1,"column":30},"end":{"line":1,"column":62}},"1":{"start":{"line":2,"column":17},"end":{"line":2,"column":36}},"2":{"start":{"line":4,"column":16},"end":{"line":9,"column":1}},"3":{"start":{"line":5,"column":19},"end":{"line":5,"column":51}},"4":{"start":{"line":6,"column":16},"end":{"line":6,"column":31}},"5":{"start":{"line":7,"column":23},"end":{"line":7,"column":50}},"6":{"start":{"line":8,"column":4},"end":{"line":8,"column":31}},"7":{"start":{"line":12,"column":15},"end":{"line":16,"column":1}},"8":{"start":{"line":14,"column":4},"end":{"line":14,"column":34}},"9":{"start":{"line":15,"column":4},"end":{"line":15,"column":24}},"10":{"start":{"line":18,"column":18},"end":{"line":24,"column":1}},"11":{"start":{"line":22,"column":21},"end":{"line":22,"column":75}},"12":{"start":{"line":22,"column":51},"end":{"line":22,"column":74}},"13":{"start":{"line":23,"column":4},"end":{"line":23,"column":32}},"14":{"start":{"line":26,"column":0},"end":{"line":26,"column":47}}},"fnMap":{"0":{"name":"(anonymous_0)","decl":{"start":{"line":4,"column":16},"end":{"line":4,"column":17}},"loc":{"start":{"line":4,"column":28},"end":{"line":9,"column":1}},"line":4},"1":{"name":"(anonymous_1)","decl":{"start":{"line":12,"column":15},"end":{"line":12,"column":16}},"loc":{"start":{"line":12,"column":45},"end":{"line":16,"column":1}},"line":12},"2":{"name":"(anonymous_2)","decl":{"start":{"line":18,"column":18},"end":{"line":18,"column":19}},"loc":{"start":{"line":18,"column":44},"end":{"line":24,"column":1}},"line":18},"3":{"name":"(anonymous_3)","decl":{"start":{"line":22,"column":37},"end":{"line":22,"column":38}},"loc":{"start":{"line":22,"column":51},"end":{"line":22,"column":74}},"line":22}},"branchMap":{},"s":{"0":1,"1":1,"2":1,"3":2,"4":2,"5":2,"6":2,"7":1,"8":2,"9":1,"10":1,"11":9,"12":9,"13":9,"14":1},"f":{"0":2,"1":2,"2":9,"3":9},"b":{},"_coverageSchema":"1a1c01bbd47fc00a2c39e90264f33305004495a9","hash":"f79f25b8ad5c27572a7f52c82b7608f3044cd3a4"}
,"C:\\Users\\Dorcsi\\Desktop\\Codecool\\FS Projects\\fapi-exam-project-2-general-dorimusz\\backend\\utils\\http.js": {"path":"C:\\Users\\Dorcsi\\Desktop\\Codecool\\FS Projects\\fapi-exam-project-2-general-dorimusz\\backend\\utils\\http.js","statementMap":{"0":{"start":{"line":1,"column":27},"end":{"line":1,"column":43}},"1":{"start":{"line":3,"column":13},"end":{"line":35,"column":1}},"2":{"start":{"line":4,"column":21},"end":{"line":7,"column":6}},"3":{"start":{"line":10,"column":17},"end":{"line":21,"column":5}},"4":{"start":{"line":11,"column":8},"end":{"line":20,"column":9}},"5":{"start":{"line":12,"column":29},"end":{"line":12,"column":59}},"6":{"start":{"line":13,"column":12},"end":{"line":13,"column":57}},"7":{"start":{"line":14,"column":12},"end":{"line":14,"column":27}},"8":{"start":{"line":17,"column":12},"end":{"line":17,"column":73}},"9":{"start":{"line":18,"column":12},"end":{"line":18,"column":70}},"10":{"start":{"line":19,"column":12},"end":{"line":19,"column":33}},"11":{"start":{"line":23,"column":16},"end":{"line":32,"column":5}},"12":{"start":{"line":24,"column":8},"end":{"line":31,"column":9}},"13":{"start":{"line":25,"column":29},"end":{"line":25,"column":58}},"14":{"start":{"line":26,"column":12},"end":{"line":26,"column":28}},"15":{"start":{"line":28,"column":12},"end":{"line":28,"column":72}},"16":{"start":{"line":29,"column":12},"end":{"line":29,"column":68}},"17":{"start":{"line":30,"column":12},"end":{"line":30,"column":34}},"18":{"start":{"line":33,"column":4},"end":{"line":33,"column":45}},"19":{"start":{"line":37,"column":0},"end":{"line":37,"column":24}}},"fnMap":{"0":{"name":"(anonymous_0)","decl":{"start":{"line":3,"column":13},"end":{"line":3,"column":14}},"loc":{"start":{"line":3,"column":19},"end":{"line":35,"column":1}},"line":3},"1":{"name":"(anonymous_1)","decl":{"start":{"line":10,"column":17},"end":{"line":10,"column":18}},"loc":{"start":{"line":10,"column":38},"end":{"line":21,"column":5}},"line":10},"2":{"name":"(anonymous_2)","decl":{"start":{"line":23,"column":16},"end":{"line":23,"column":17}},"loc":{"start":{"line":23,"column":37},"end":{"line":32,"column":5}},"line":23}},"branchMap":{},"s":{"0":1,"1":1,"2":1,"3":1,"4":1,"5":1,"6":1,"7":1,"8":0,"9":0,"10":0,"11":1,"12":0,"13":0,"14":0,"15":0,"16":0,"17":0,"18":1,"19":1},"f":{"0":1,"1":1,"2":0},"b":{},"_coverageSchema":"1a1c01bbd47fc00a2c39e90264f33305004495a9","hash":"09bd3925a8ddae4708511debad3e21241a3d3a4f"}
,"C:\\Users\\Dorcsi\\Desktop\\Codecool\\FS Projects\\fapi-exam-project-2-general-dorimusz\\backend\\utils\\logger.js": {"path":"C:\\Users\\Dorcsi\\Desktop\\Codecool\\FS Projects\\fapi-exam-project-2-general-dorimusz\\backend\\utils\\logger.js","statementMap":{"0":{"start":{"line":1,"column":13},"end":{"line":1,"column":28}},"1":{"start":{"line":2,"column":53},"end":{"line":2,"column":77}},"2":{"start":{"line":4,"column":15},"end":{"line":7,"column":2}},"3":{"start":{"line":10,"column":13},"end":{"line":13,"column":2}},"4":{"start":{"line":16,"column":15},"end":{"line":22,"column":10}},"5":{"start":{"line":24,"column":0},"end":{"line":24,"column":24}}},"fnMap":{},"branchMap":{},"s":{"0":1,"1":1,"2":1,"3":1,"4":1,"5":1},"f":{},"b":{},"_coverageSchema":"1a1c01bbd47fc00a2c39e90264f33305004495a9","hash":"f82b45cedb980066aee4270538525e089d306a14"}
}
