{"C:\\Users\\Dorcsi\\Desktop\\Codecool\\FS Projects\\fapi-exam-project-2-general-dorimusz\\backend\\app.config.js": {"path":"C:\\Users\\Dorcsi\\Desktop\\Codecool\\FS Projects\\fapi-exam-project-2-general-dorimusz\\backend\\app.config.js","statementMap":{"0":{"start":{"line":1,"column":15},"end":{"line":37,"column":1}},"1":{"start":{"line":39,"column":0},"end":{"line":39,"column":24}}},"fnMap":{},"branchMap":{"0":{"loc":{"start":{"line":5,"column":23},"end":{"line":5,"column":129}},"type":"binary-expr","locations":[{"start":{"line":5,"column":23},"end":{"line":5,"column":51}},{"start":{"line":5,"column":55},"end":{"line":5,"column":129}}],"line":5},"1":{"loc":{"start":{"line":6,"column":27},"end":{"line":6,"column":100}},"type":"binary-expr","locations":[{"start":{"line":6,"column":27},"end":{"line":6,"column":59}},{"start":{"line":6,"column":63},"end":{"line":6,"column":100}}],"line":6},"2":{"loc":{"start":{"line":16,"column":23},"end":{"line":16,"column":59}},"type":"binary-expr","locations":[{"start":{"line":16,"column":23},"end":{"line":16,"column":48}},{"start":{"line":16,"column":52},"end":{"line":16,"column":59}}],"line":16},"3":{"loc":{"start":{"line":17,"column":27},"end":{"line":17,"column":71}},"type":"binary-expr","locations":[{"start":{"line":17,"column":27},"end":{"line":17,"column":56}},{"start":{"line":17,"column":60},"end":{"line":17,"column":71}}],"line":17},"4":{"loc":{"start":{"line":18,"column":26},"end":{"line":18,"column":94}},"type":"binary-expr","locations":[{"start":{"line":18,"column":26},"end":{"line":18,"column":54}},{"start":{"line":18,"column":58},"end":{"line":18,"column":94}}],"line":18}},"s":{"0":3,"1":3},"f":{},"b":{"0":[3,0],"1":[3,0],"2":[3,3],"3":[3,3],"4":[3,3]},"_coverageSchema":"1a1c01bbd47fc00a2c39e90264f33305004495a9","hash":"ca850160af2d3af9e6c17780438d0d523259c98a"}
,"C:\\Users\\Dorcsi\\Desktop\\Codecool\\FS Projects\\fapi-exam-project-2-general-dorimusz\\backend\\app.js": {"path":"C:\\Users\\Dorcsi\\Desktop\\Codecool\\FS Projects\\fapi-exam-project-2-general-dorimusz\\backend\\app.js","statementMap":{"0":{"start":{"line":1,"column":13},"end":{"line":1,"column":28}},"1":{"start":{"line":2,"column":16},"end":{"line":2,"column":34}},"2":{"start":{"line":3,"column":0},"end":{"line":3,"column":32}},"3":{"start":{"line":4,"column":12},"end":{"line":4,"column":21}},"4":{"start":{"line":6,"column":19},"end":{"line":6,"column":50}},"5":{"start":{"line":7,"column":15},"end":{"line":7,"column":32}},"6":{"start":{"line":8,"column":21},"end":{"line":8,"column":58}},"7":{"start":{"line":9,"column":13},"end":{"line":9,"column":42}},"8":{"start":{"line":11,"column":0},"end":{"line":14,"column":4}},"9":{"start":{"line":15,"column":0},"end":{"line":15,"column":24}},"10":{"start":{"line":16,"column":0},"end":{"line":16,"column":81}},"11":{"start":{"line":19,"column":19},"end":{"line":19,"column":43}},"12":{"start":{"line":20,"column":0},"end":{"line":20,"column":32}},"13":{"start":{"line":21,"column":24},"end":{"line":21,"column":53}},"14":{"start":{"line":22,"column":0},"end":{"line":22,"column":42}},"15":{"start":{"line":23,"column":26},"end":{"line":23,"column":57}},"16":{"start":{"line":24,"column":0},"end":{"line":24,"column":42}},"17":{"start":{"line":25,"column":22},"end":{"line":25,"column":49}},"18":{"start":{"line":26,"column":0},"end":{"line":26,"column":38}},"19":{"start":{"line":28,"column":0},"end":{"line":28,"column":21}},"20":{"start":{"line":30,"column":0},"end":{"line":30,"column":20}}},"fnMap":{},"branchMap":{},"s":{"0":3,"1":3,"2":3,"3":3,"4":3,"5":3,"6":3,"7":3,"8":3,"9":3,"10":3,"11":3,"12":3,"13":3,"14":3,"15":3,"16":3,"17":3,"18":3,"19":3,"20":3},"f":{},"b":{},"_coverageSchema":"1a1c01bbd47fc00a2c39e90264f33305004495a9","hash":"87d0f2f6f3c1524ed9ecef2ed8f03143aca48e39"}
,"C:\\Users\\Dorcsi\\Desktop\\Codecool\\FS Projects\\fapi-exam-project-2-general-dorimusz\\backend\\middlewares\\auth.js": {"path":"C:\\Users\\Dorcsi\\Desktop\\Codecool\\FS Projects\\fapi-exam-project-2-general-dorimusz\\backend\\middlewares\\auth.js","statementMap":{"0":{"start":{"line":1,"column":12},"end":{"line":1,"column":35}},"1":{"start":{"line":3,"column":13},"end":{"line":10,"column":1}},"2":{"start":{"line":3,"column":28},"end":{"line":10,"column":1}},"3":{"start":{"line":4,"column":18},"end":{"line":4,"column":45}},"4":{"start":{"line":5,"column":4},"end":{"line":9,"column":7}},"5":{"start":{"line":6,"column":8},"end":{"line":6,"column":55}},"6":{"start":{"line":6,"column":28},"end":{"line":6,"column":55}},"7":{"start":{"line":7,"column":8},"end":{"line":7,"column":31}},"8":{"start":{"line":8,"column":8},"end":{"line":8,"column":15}},"9":{"start":{"line":12,"column":0},"end":{"line":12,"column":22}}},"fnMap":{"0":{"name":"(anonymous_0)","decl":{"start":{"line":3,"column":13},"end":{"line":3,"column":14}},"loc":{"start":{"line":3,"column":28},"end":{"line":10,"column":1}},"line":3},"1":{"name":"(anonymous_1)","decl":{"start":{"line":3,"column":28},"end":{"line":3,"column":29}},"loc":{"start":{"line":3,"column":48},"end":{"line":10,"column":1}},"line":3},"2":{"name":"(anonymous_2)","decl":{"start":{"line":5,"column":46},"end":{"line":5,"column":47}},"loc":{"start":{"line":5,"column":63},"end":{"line":9,"column":5}},"line":5}},"branchMap":{"0":{"loc":{"start":{"line":6,"column":8},"end":{"line":6,"column":55}},"type":"if","locations":[{"start":{"line":6,"column":8},"end":{"line":6,"column":55}},{"start":{},"end":{}}],"line":6},"1":{"loc":{"start":{"line":6,"column":12},"end":{"line":6,"column":26}},"type":"binary-expr","locations":[{"start":{"line":6,"column":12},"end":{"line":6,"column":17}},{"start":{"line":6,"column":21},"end":{"line":6,"column":26}}],"line":6}},"s":{"0":3,"1":3,"2":42,"3":21,"4":21,"5":21,"6":1,"7":20,"8":20,"9":3},"f":{"0":42,"1":21,"2":21},"b":{"0":[1,20],"1":[21,6]},"_coverageSchema":"1a1c01bbd47fc00a2c39e90264f33305004495a9","hash":"31ba676f3053713774bc9a13d163eb25952508e2"}
,"C:\\Users\\Dorcsi\\Desktop\\Codecool\\FS Projects\\fapi-exam-project-2-general-dorimusz\\backend\\middlewares\\errorHandler.js": {"path":"C:\\Users\\Dorcsi\\Desktop\\Codecool\\FS Projects\\fapi-exam-project-2-general-dorimusz\\backend\\middlewares\\errorHandler.js","statementMap":{"0":{"start":{"line":1,"column":15},"end":{"line":1,"column":41}},"1":{"start":{"line":2,"column":21},"end":{"line":6,"column":1}},"2":{"start":{"line":3,"column":4},"end":{"line":3,"column":23}},"3":{"start":{"line":5,"column":4},"end":{"line":5,"column":55}},"4":{"start":{"line":8,"column":0},"end":{"line":8,"column":29}}},"fnMap":{"0":{"name":"(anonymous_0)","decl":{"start":{"line":2,"column":21},"end":{"line":2,"column":22}},"loc":{"start":{"line":2,"column":46},"end":{"line":6,"column":1}},"line":2}},"branchMap":{},"s":{"0":3,"1":3,"2":0,"3":0,"4":3},"f":{"0":0},"b":{},"_coverageSchema":"1a1c01bbd47fc00a2c39e90264f33305004495a9","hash":"c6ffbb6363b6cfcd890cdccf7ca556167a0d8aa0"}
,"C:\\Users\\Dorcsi\\Desktop\\Codecool\\FS Projects\\fapi-exam-project-2-general-dorimusz\\backend\\middlewares\\logger.js": {"path":"C:\\Users\\Dorcsi\\Desktop\\Codecool\\FS Projects\\fapi-exam-project-2-general-dorimusz\\backend\\middlewares\\logger.js","statementMap":{"0":{"start":{"line":1,"column":0},"end":{"line":3,"column":1}},"1":{"start":{"line":2,"column":4},"end":{"line":2,"column":11}}},"fnMap":{"0":{"name":"(anonymous_0)","decl":{"start":{"line":1,"column":17},"end":{"line":1,"column":18}},"loc":{"start":{"line":1,"column":37},"end":{"line":3,"column":1}},"line":1}},"branchMap":{},"s":{"0":3,"1":0},"f":{"0":0},"b":{},"_coverageSchema":"1a1c01bbd47fc00a2c39e90264f33305004495a9","hash":"dcd741b2e901997b2ff00736fee94da7d7b0bd05"}
,"C:\\Users\\Dorcsi\\Desktop\\Codecool\\FS Projects\\fapi-exam-project-2-general-dorimusz\\backend\\models\\request.js": {"path":"C:\\Users\\Dorcsi\\Desktop\\Codecool\\FS Projects\\fapi-exam-project-2-general-dorimusz\\backend\\models\\request.js","statementMap":{"0":{"start":{"line":1,"column":17},"end":{"line":1,"column":36}},"1":{"start":{"line":3,"column":22},"end":{"line":8,"column":2}},"2":{"start":{"line":10,"column":16},"end":{"line":10,"column":56}},"3":{"start":{"line":11,"column":0},"end":{"line":11,"column":25}}},"fnMap":{},"branchMap":{},"s":{"0":3,"1":3,"2":3,"3":3},"f":{},"b":{},"_coverageSchema":"1a1c01bbd47fc00a2c39e90264f33305004495a9","hash":"8a3f69c3990aea0f45fbc36e1ec7d9a71a16b51e"}
,"C:\\Users\\Dorcsi\\Desktop\\Codecool\\FS Projects\\fapi-exam-project-2-general-dorimusz\\backend\\models\\user.js": {"path":"C:\\Users\\Dorcsi\\Desktop\\Codecool\\FS Projects\\fapi-exam-project-2-general-dorimusz\\backend\\models\\user.js","statementMap":{"0":{"start":{"line":1,"column":17},"end":{"line":1,"column":36}},"1":{"start":{"line":4,"column":22},"end":{"line":10,"column":2}},"2":{"start":{"line":12,"column":21},"end":{"line":23,"column":2}},"3":{"start":{"line":25,"column":19},"end":{"line":32,"column":2}},"4":{"start":{"line":34,"column":13},"end":{"line":34,"column":47}},"5":{"start":{"line":35,"column":0},"end":{"line":35,"column":22}}},"fnMap":{},"branchMap":{},"s":{"0":3,"1":3,"2":3,"3":3,"4":3,"5":3},"f":{},"b":{},"_coverageSchema":"1a1c01bbd47fc00a2c39e90264f33305004495a9","hash":"9f061f9aced3d059a14be7a2c28ce2ebeaeda60f"}
,"C:\\Users\\Dorcsi\\Desktop\\Codecool\\FS Projects\\fapi-exam-project-2-general-dorimusz\\backend\\routes\\manageShows.js": {"path":"C:\\Users\\Dorcsi\\Desktop\\Codecool\\FS Projects\\fapi-exam-project-2-general-dorimusz\\backend\\routes\\manageShows.js","statementMap":{"0":{"start":{"line":1,"column":15},"end":{"line":1,"column":42}},"1":{"start":{"line":2,"column":13},"end":{"line":2,"column":43}},"2":{"start":{"line":3,"column":13},"end":{"line":3,"column":38}},"3":{"start":{"line":4,"column":12},"end":{"line":4,"column":35}},"4":{"start":{"line":6,"column":0},"end":{"line":15,"column":3}},"5":{"start":{"line":7,"column":18},"end":{"line":7,"column":43}},"6":{"start":{"line":8,"column":25},"end":{"line":8,"column":42}},"7":{"start":{"line":9,"column":4},"end":{"line":9,"column":29}},"8":{"start":{"line":11,"column":4},"end":{"line":11,"column":49}},"9":{"start":{"line":12,"column":17},"end":{"line":12,"column":57}},"10":{"start":{"line":14,"column":4},"end":{"line":14,"column":50}},"11":{"start":{"line":17,"column":0},"end":{"line":30,"column":3}},"12":{"start":{"line":18,"column":20},"end":{"line":18,"column":28}},"13":{"start":{"line":19,"column":4},"end":{"line":19,"column":24}},"14":{"start":{"line":20,"column":4},"end":{"line":20,"column":58}},"15":{"start":{"line":20,"column":18},"end":{"line":20,"column":58}},"16":{"start":{"line":22,"column":18},"end":{"line":22,"column":43}},"17":{"start":{"line":23,"column":25},"end":{"line":23,"column":42}},"18":{"start":{"line":25,"column":17},"end":{"line":25,"column":57}},"19":{"start":{"line":26,"column":4},"end":{"line":26,"column":127}},"20":{"start":{"line":26,"column":55},"end":{"line":26,"column":126}},"21":{"start":{"line":28,"column":4},"end":{"line":28,"column":68}},"22":{"start":{"line":28,"column":37},"end":{"line":28,"column":66}},"23":{"start":{"line":29,"column":4},"end":{"line":29,"column":62}},"24":{"start":{"line":32,"column":0},"end":{"line":44,"column":3}},"25":{"start":{"line":33,"column":20},"end":{"line":33,"column":28}},"26":{"start":{"line":34,"column":4},"end":{"line":34,"column":58}},"27":{"start":{"line":34,"column":18},"end":{"line":34,"column":58}},"28":{"start":{"line":36,"column":18},"end":{"line":36,"column":43}},"29":{"start":{"line":37,"column":25},"end":{"line":37,"column":42}},"30":{"start":{"line":39,"column":17},"end":{"line":39,"column":57}},"31":{"start":{"line":40,"column":4},"end":{"line":40,"column":129}},"32":{"start":{"line":40,"column":55},"end":{"line":40,"column":128}},"33":{"start":{"line":42,"column":4},"end":{"line":42,"column":68}},"34":{"start":{"line":42,"column":37},"end":{"line":42,"column":66}},"35":{"start":{"line":43,"column":4},"end":{"line":43,"column":62}},"36":{"start":{"line":46,"column":0},"end":{"line":58,"column":3}},"37":{"start":{"line":47,"column":20},"end":{"line":47,"column":33}},"38":{"start":{"line":48,"column":4},"end":{"line":48,"column":58}},"39":{"start":{"line":48,"column":18},"end":{"line":48,"column":58}},"40":{"start":{"line":50,"column":18},"end":{"line":50,"column":43}},"41":{"start":{"line":51,"column":25},"end":{"line":51,"column":42}},"42":{"start":{"line":53,"column":17},"end":{"line":53,"column":57}},"43":{"start":{"line":54,"column":4},"end":{"line":54,"column":120}},"44":{"start":{"line":54,"column":55},"end":{"line":54,"column":119}},"45":{"start":{"line":56,"column":4},"end":{"line":56,"column":68}},"46":{"start":{"line":56,"column":37},"end":{"line":56,"column":66}},"47":{"start":{"line":57,"column":4},"end":{"line":57,"column":62}},"48":{"start":{"line":60,"column":19},"end":{"line":62,"column":1}},"49":{"start":{"line":61,"column":4},"end":{"line":61,"column":44}},"50":{"start":{"line":64,"column":21},"end":{"line":66,"column":1}},"51":{"start":{"line":65,"column":4},"end":{"line":65,"column":45}},"52":{"start":{"line":68,"column":19},"end":{"line":70,"column":1}},"53":{"start":{"line":69,"column":4},"end":{"line":69,"column":76}},"54":{"start":{"line":72,"column":0},"end":{"line":72,"column":24}}},"fnMap":{"0":{"name":"(anonymous_0)","decl":{"start":{"line":6,"column":45},"end":{"line":6,"column":46}},"loc":{"start":{"line":6,"column":65},"end":{"line":15,"column":1}},"line":6},"1":{"name":"(anonymous_1)","decl":{"start":{"line":17,"column":54},"end":{"line":17,"column":55}},"loc":{"start":{"line":17,"column":74},"end":{"line":30,"column":1}},"line":17},"2":{"name":"(anonymous_2)","decl":{"start":{"line":26,"column":40},"end":{"line":26,"column":41}},"loc":{"start":{"line":26,"column":55},"end":{"line":26,"column":126}},"line":26},"3":{"name":"(anonymous_3)","decl":{"start":{"line":28,"column":28},"end":{"line":28,"column":29}},"loc":{"start":{"line":28,"column":37},"end":{"line":28,"column":66}},"line":28},"4":{"name":"(anonymous_4)","decl":{"start":{"line":32,"column":56},"end":{"line":32,"column":57}},"loc":{"start":{"line":32,"column":76},"end":{"line":44,"column":1}},"line":32},"5":{"name":"(anonymous_5)","decl":{"start":{"line":40,"column":40},"end":{"line":40,"column":41}},"loc":{"start":{"line":40,"column":55},"end":{"line":40,"column":128}},"line":40},"6":{"name":"(anonymous_6)","decl":{"start":{"line":42,"column":28},"end":{"line":42,"column":29}},"loc":{"start":{"line":42,"column":37},"end":{"line":42,"column":66}},"line":42},"7":{"name":"(anonymous_7)","decl":{"start":{"line":46,"column":48},"end":{"line":46,"column":49}},"loc":{"start":{"line":46,"column":68},"end":{"line":58,"column":1}},"line":46},"8":{"name":"(anonymous_8)","decl":{"start":{"line":54,"column":40},"end":{"line":54,"column":41}},"loc":{"start":{"line":54,"column":55},"end":{"line":54,"column":119}},"line":54},"9":{"name":"(anonymous_9)","decl":{"start":{"line":56,"column":28},"end":{"line":56,"column":29}},"loc":{"start":{"line":56,"column":37},"end":{"line":56,"column":66}},"line":56},"10":{"name":"(anonymous_10)","decl":{"start":{"line":60,"column":19},"end":{"line":60,"column":20}},"loc":{"start":{"line":60,"column":34},"end":{"line":62,"column":1}},"line":60},"11":{"name":"(anonymous_11)","decl":{"start":{"line":64,"column":21},"end":{"line":64,"column":22}},"loc":{"start":{"line":64,"column":36},"end":{"line":66,"column":1}},"line":64},"12":{"name":"(anonymous_12)","decl":{"start":{"line":68,"column":19},"end":{"line":68,"column":20}},"loc":{"start":{"line":68,"column":34},"end":{"line":70,"column":1}},"line":68}},"branchMap":{"0":{"loc":{"start":{"line":20,"column":4},"end":{"line":20,"column":58}},"type":"if","locations":[{"start":{"line":20,"column":4},"end":{"line":20,"column":58}},{"start":{},"end":{}}],"line":20},"1":{"loc":{"start":{"line":26,"column":55},"end":{"line":26,"column":126}},"type":"cond-expr","locations":[{"start":{"line":26,"column":93},"end":{"line":26,"column":114}},{"start":{"line":26,"column":117},"end":{"line":26,"column":126}}],"line":26},"2":{"loc":{"start":{"line":34,"column":4},"end":{"line":34,"column":58}},"type":"if","locations":[{"start":{"line":34,"column":4},"end":{"line":34,"column":58}},{"start":{},"end":{}}],"line":34},"3":{"loc":{"start":{"line":40,"column":55},"end":{"line":40,"column":128}},"type":"cond-expr","locations":[{"start":{"line":40,"column":93},"end":{"line":40,"column":116}},{"start":{"line":40,"column":119},"end":{"line":40,"column":128}}],"line":40},"4":{"loc":{"start":{"line":48,"column":4},"end":{"line":48,"column":58}},"type":"if","locations":[{"start":{"line":48,"column":4},"end":{"line":48,"column":58}},{"start":{},"end":{}}],"line":48},"5":{"loc":{"start":{"line":54,"column":55},"end":{"line":54,"column":119}},"type":"cond-expr","locations":[{"start":{"line":54,"column":86},"end":{"line":54,"column":107}},{"start":{"line":54,"column":110},"end":{"line":54,"column":119}}],"line":54}},"s":{"0":3,"1":3,"2":3,"3":3,"4":3,"5":0,"6":0,"7":0,"8":0,"9":0,"10":0,"11":3,"12":0,"13":0,"14":0,"15":0,"16":0,"17":0,"18":0,"19":0,"20":0,"21":0,"22":0,"23":0,"24":3,"25":0,"26":0,"27":0,"28":0,"29":0,"30":0,"31":0,"32":0,"33":0,"34":0,"35":0,"36":3,"37":0,"38":0,"39":0,"40":0,"41":0,"42":0,"43":0,"44":0,"45":0,"46":0,"47":0,"48":3,"49":0,"50":3,"51":0,"52":3,"53":0,"54":3},"f":{"0":0,"1":0,"2":0,"3":0,"4":0,"5":0,"6":0,"7":0,"8":0,"9":0,"10":0,"11":0,"12":0},"b":{"0":[0,0],"1":[0,0],"2":[0,0],"3":[0,0],"4":[0,0],"5":[0,0]},"_coverageSchema":"1a1c01bbd47fc00a2c39e90264f33305004495a9","hash":"e301529f76e3c43ee635e43ea0c8b3a8c2a8a06d"}
,"C:\\Users\\Dorcsi\\Desktop\\Codecool\\FS Projects\\fapi-exam-project-2-general-dorimusz\\backend\\routes\\request.js": {"path":"C:\\Users\\Dorcsi\\Desktop\\Codecool\\FS Projects\\fapi-exam-project-2-general-dorimusz\\backend\\routes\\request.js","statementMap":{"0":{"start":{"line":1,"column":15},"end":{"line":1,"column":42}},"1":{"start":{"line":2,"column":13},"end":{"line":2,"column":43}},"2":{"start":{"line":3,"column":16},"end":{"line":3,"column":44}},"3":{"start":{"line":5,"column":0},"end":{"line":9,"column":2}},"4":{"start":{"line":6,"column":19},"end":{"line":6,"column":41}},"5":{"start":{"line":7,"column":4},"end":{"line":7,"column":25}},"6":{"start":{"line":8,"column":4},"end":{"line":8,"column":22}},"7":{"start":{"line":11,"column":0},"end":{"line":26,"column":3}},"8":{"start":{"line":13,"column":20},"end":{"line":13,"column":28}},"9":{"start":{"line":15,"column":4},"end":{"line":15,"column":84}},"10":{"start":{"line":15,"column":44},"end":{"line":15,"column":84}},"11":{"start":{"line":16,"column":18},"end":{"line":16,"column":31}},"12":{"start":{"line":17,"column":4},"end":{"line":17,"column":65}},"13":{"start":{"line":17,"column":16},"end":{"line":17,"column":65}},"14":{"start":{"line":19,"column":20},"end":{"line":22,"column":6}},"15":{"start":{"line":24,"column":4},"end":{"line":24,"column":78}},"16":{"start":{"line":24,"column":42},"end":{"line":24,"column":74}},"17":{"start":{"line":25,"column":4},"end":{"line":25,"column":85}},"18":{"start":{"line":28,"column":0},"end":{"line":28,"column":24}}},"fnMap":{"0":{"name":"(anonymous_0)","decl":{"start":{"line":5,"column":39},"end":{"line":5,"column":40}},"loc":{"start":{"line":5,"column":59},"end":{"line":9,"column":1}},"line":5},"1":{"name":"(anonymous_1)","decl":{"start":{"line":11,"column":40},"end":{"line":11,"column":41}},"loc":{"start":{"line":11,"column":60},"end":{"line":26,"column":1}},"line":11},"2":{"name":"(anonymous_2)","decl":{"start":{"line":24,"column":31},"end":{"line":24,"column":32}},"loc":{"start":{"line":24,"column":40},"end":{"line":24,"column":76}},"line":24}},"branchMap":{"0":{"loc":{"start":{"line":15,"column":4},"end":{"line":15,"column":84}},"type":"if","locations":[{"start":{"line":15,"column":4},"end":{"line":15,"column":84}},{"start":{},"end":{}}],"line":15},"1":{"loc":{"start":{"line":17,"column":4},"end":{"line":17,"column":65}},"type":"if","locations":[{"start":{"line":17,"column":4},"end":{"line":17,"column":65}},{"start":{},"end":{}}],"line":17}},"s":{"0":3,"1":3,"2":3,"3":3,"4":1,"5":1,"6":1,"7":3,"8":3,"9":3,"10":1,"11":2,"12":2,"13":1,"14":1,"15":1,"16":0,"17":1,"18":3},"f":{"0":1,"1":3,"2":0},"b":{"0":[1,2],"1":[1,1]},"_coverageSchema":"1a1c01bbd47fc00a2c39e90264f33305004495a9","hash":"831009c4bb9cd1154be529f4c860e76957555a63"}
,"C:\\Users\\Dorcsi\\Desktop\\Codecool\\FS Projects\\fapi-exam-project-2-general-dorimusz\\backend\\routes\\user.js": {"path":"C:\\Users\\Dorcsi\\Desktop\\Codecool\\FS Projects\\fapi-exam-project-2-general-dorimusz\\backend\\routes\\user.js","statementMap":{"0":{"start":{"line":1,"column":15},"end":{"line":1,"column":42}},"1":{"start":{"line":2,"column":13},"end":{"line":2,"column":37}},"2":{"start":{"line":3,"column":12},"end":{"line":3,"column":35}},"3":{"start":{"line":4,"column":13},"end":{"line":4,"column":38}},"4":{"start":{"line":5,"column":13},"end":{"line":5,"column":43}},"5":{"start":{"line":6,"column":15},"end":{"line":6,"column":39}},"6":{"start":{"line":8,"column":0},"end":{"line":51,"column":3}},"7":{"start":{"line":9,"column":20},"end":{"line":9,"column":28}},"8":{"start":{"line":10,"column":4},"end":{"line":10,"column":58}},"9":{"start":{"line":10,"column":18},"end":{"line":10,"column":58}},"10":{"start":{"line":12,"column":17},"end":{"line":12,"column":29}},"11":{"start":{"line":13,"column":21},"end":{"line":13,"column":37}},"12":{"start":{"line":14,"column":4},"end":{"line":14,"column":54}},"13":{"start":{"line":14,"column":28},"end":{"line":14,"column":54}},"14":{"start":{"line":15,"column":4},"end":{"line":15,"column":80}},"15":{"start":{"line":15,"column":54},"end":{"line":15,"column":80}},"16":{"start":{"line":17,"column":21},"end":{"line":28,"column":10}},"17":{"start":{"line":30,"column":4},"end":{"line":30,"column":71}},"18":{"start":{"line":30,"column":19},"end":{"line":30,"column":71}},"19":{"start":{"line":31,"column":4},"end":{"line":31,"column":83}},"20":{"start":{"line":31,"column":33},"end":{"line":31,"column":83}},"21":{"start":{"line":33,"column":20},"end":{"line":33,"column":54}},"22":{"start":{"line":34,"column":4},"end":{"line":34,"column":45}},"23":{"start":{"line":34,"column":18},"end":{"line":34,"column":45}},"24":{"start":{"line":35,"column":4},"end":{"line":35,"column":25}},"25":{"start":{"line":38,"column":16},"end":{"line":38,"column":39}},"26":{"start":{"line":39,"column":15},"end":{"line":41,"column":5}},"27":{"start":{"line":43,"column":4},"end":{"line":46,"column":5}},"28":{"start":{"line":44,"column":8},"end":{"line":44,"column":77}},"29":{"start":{"line":45,"column":8},"end":{"line":45,"column":33}},"30":{"start":{"line":48,"column":25},"end":{"line":48,"column":164}},"31":{"start":{"line":50,"column":4},"end":{"line":50,"column":30}},"32":{"start":{"line":53,"column":0},"end":{"line":59,"column":3}},"33":{"start":{"line":54,"column":4},"end":{"line":54,"column":56}},"34":{"start":{"line":54,"column":29},"end":{"line":54,"column":56}},"35":{"start":{"line":55,"column":17},"end":{"line":55,"column":105}},"36":{"start":{"line":57,"column":25},"end":{"line":57,"column":131}},"37":{"start":{"line":58,"column":4},"end":{"line":58,"column":31}},"38":{"start":{"line":61,"column":0},"end":{"line":66,"column":2}},"39":{"start":{"line":62,"column":18},"end":{"line":62,"column":43}},"40":{"start":{"line":63,"column":25},"end":{"line":63,"column":42}},"41":{"start":{"line":64,"column":17},"end":{"line":64,"column":57}},"42":{"start":{"line":65,"column":4},"end":{"line":65,"column":29}},"43":{"start":{"line":68,"column":0},"end":{"line":68,"column":24}}},"fnMap":{"0":{"name":"(anonymous_0)","decl":{"start":{"line":8,"column":46},"end":{"line":8,"column":47}},"loc":{"start":{"line":8,"column":66},"end":{"line":51,"column":1}},"line":8},"1":{"name":"(anonymous_1)","decl":{"start":{"line":53,"column":46},"end":{"line":53,"column":47}},"loc":{"start":{"line":53,"column":66},"end":{"line":59,"column":1}},"line":53},"2":{"name":"(anonymous_2)","decl":{"start":{"line":61,"column":39},"end":{"line":61,"column":40}},"loc":{"start":{"line":61,"column":59},"end":{"line":66,"column":1}},"line":61}},"branchMap":{"0":{"loc":{"start":{"line":10,"column":4},"end":{"line":10,"column":58}},"type":"if","locations":[{"start":{"line":10,"column":4},"end":{"line":10,"column":58}},{"start":{},"end":{}}],"line":10},"1":{"loc":{"start":{"line":14,"column":4},"end":{"line":14,"column":54}},"type":"if","locations":[{"start":{"line":14,"column":4},"end":{"line":14,"column":54}},{"start":{},"end":{}}],"line":14},"2":{"loc":{"start":{"line":14,"column":8},"end":{"line":14,"column":26}},"type":"binary-expr","locations":[{"start":{"line":14,"column":8},"end":{"line":14,"column":13}},{"start":{"line":14,"column":17},"end":{"line":14,"column":26}}],"line":14},"3":{"loc":{"start":{"line":15,"column":4},"end":{"line":15,"column":80}},"type":"if","locations":[{"start":{"line":15,"column":4},"end":{"line":15,"column":80}},{"start":{},"end":{}}],"line":15},"4":{"loc":{"start":{"line":30,"column":4},"end":{"line":30,"column":71}},"type":"if","locations":[{"start":{"line":30,"column":4},"end":{"line":30,"column":71}},{"start":{},"end":{}}],"line":30},"5":{"loc":{"start":{"line":31,"column":4},"end":{"line":31,"column":83}},"type":"if","locations":[{"start":{"line":31,"column":4},"end":{"line":31,"column":83}},{"start":{},"end":{}}],"line":31},"6":{"loc":{"start":{"line":34,"column":4},"end":{"line":34,"column":45}},"type":"if","locations":[{"start":{"line":34,"column":4},"end":{"line":34,"column":45}},{"start":{},"end":{}}],"line":34},"7":{"loc":{"start":{"line":43,"column":4},"end":{"line":46,"column":5}},"type":"if","locations":[{"start":{"line":43,"column":4},"end":{"line":46,"column":5}},{"start":{},"end":{}}],"line":43},"8":{"loc":{"start":{"line":43,"column":8},"end":{"line":43,"column":42}},"type":"binary-expr","locations":[{"start":{"line":43,"column":8},"end":{"line":43,"column":12}},{"start":{"line":43,"column":16},"end":{"line":43,"column":42}}],"line":43},"9":{"loc":{"start":{"line":48,"column":70},"end":{"line":48,"column":116}},"type":"cond-expr","locations":[{"start":{"line":48,"column":77},"end":{"line":48,"column":91}},{"start":{"line":48,"column":94},"end":{"line":48,"column":116}}],"line":48},"10":{"loc":{"start":{"line":54,"column":4},"end":{"line":54,"column":56}},"type":"if","locations":[{"start":{"line":54,"column":4},"end":{"line":54,"column":56}},{"start":{},"end":{}}],"line":54}},"s":{"0":3,"1":3,"2":3,"3":3,"4":3,"5":3,"6":3,"7":5,"8":5,"9":0,"10":5,"11":5,"12":5,"13":3,"14":2,"15":1,"16":1,"17":1,"18":0,"19":1,"20":0,"21":1,"22":1,"23":0,"24":1,"25":1,"26":1,"27":1,"28":0,"29":0,"30":1,"31":1,"32":3,"33":3,"34":1,"35":2,"36":2,"37":2,"38":3,"39":1,"40":1,"41":1,"42":1,"43":3},"f":{"0":5,"1":3,"2":1},"b":{"0":[0,5],"1":[3,2],"2":[5,3],"3":[1,1],"4":[0,1],"5":[0,1],"6":[0,1],"7":[0,1],"8":[1,0],"9":[0,1],"10":[1,2]},"_coverageSchema":"1a1c01bbd47fc00a2c39e90264f33305004495a9","hash":"b32a48698b5a9350793fd92864398e41a4b59d2f"}
,"C:\\Users\\Dorcsi\\Desktop\\Codecool\\FS Projects\\fapi-exam-project-2-general-dorimusz\\backend\\routes\\watchlist.js": {"path":"C:\\Users\\Dorcsi\\Desktop\\Codecool\\FS Projects\\fapi-exam-project-2-general-dorimusz\\backend\\routes\\watchlist.js","statementMap":{"0":{"start":{"line":1,"column":15},"end":{"line":1,"column":42}},"1":{"start":{"line":2,"column":13},"end":{"line":2,"column":43}},"2":{"start":{"line":3,"column":13},"end":{"line":3,"column":38}},"3":{"start":{"line":4,"column":12},"end":{"line":4,"column":35}},"4":{"start":{"line":6,"column":0},"end":{"line":13,"column":3}},"5":{"start":{"line":7,"column":18},"end":{"line":7,"column":43}},"6":{"start":{"line":8,"column":25},"end":{"line":8,"column":42}},"7":{"start":{"line":9,"column":17},"end":{"line":9,"column":57}},"8":{"start":{"line":10,"column":4},"end":{"line":10,"column":31}},"9":{"start":{"line":12,"column":4},"end":{"line":12,"column":50}},"10":{"start":{"line":15,"column":0},"end":{"line":24,"column":3}},"11":{"start":{"line":16,"column":18},"end":{"line":16,"column":43}},"12":{"start":{"line":17,"column":25},"end":{"line":17,"column":42}},"13":{"start":{"line":18,"column":17},"end":{"line":18,"column":57}},"14":{"start":{"line":19,"column":4},"end":{"line":19,"column":35}},"15":{"start":{"line":20,"column":19},"end":{"line":20,"column":36}},"16":{"start":{"line":22,"column":30},"end":{"line":22,"column":78}},"17":{"start":{"line":22,"column":58},"end":{"line":22,"column":77}},"18":{"start":{"line":23,"column":4},"end":{"line":23,"column":41}},"19":{"start":{"line":26,"column":0},"end":{"line":41,"column":3}},"20":{"start":{"line":28,"column":4},"end":{"line":28,"column":84}},"21":{"start":{"line":28,"column":44},"end":{"line":28,"column":84}},"22":{"start":{"line":29,"column":20},"end":{"line":29,"column":28}},"23":{"start":{"line":31,"column":18},"end":{"line":31,"column":43}},"24":{"start":{"line":32,"column":25},"end":{"line":32,"column":42}},"25":{"start":{"line":34,"column":17},"end":{"line":34,"column":57}},"26":{"start":{"line":36,"column":4},"end":{"line":36,"column":70}},"27":{"start":{"line":36,"column":37},"end":{"line":36,"column":66}},"28":{"start":{"line":37,"column":4},"end":{"line":37,"column":68}},"29":{"start":{"line":37,"column":42},"end":{"line":37,"column":68}},"30":{"start":{"line":38,"column":4},"end":{"line":38,"column":33}},"31":{"start":{"line":39,"column":4},"end":{"line":39,"column":68}},"32":{"start":{"line":39,"column":37},"end":{"line":39,"column":66}},"33":{"start":{"line":40,"column":4},"end":{"line":40,"column":62}},"34":{"start":{"line":43,"column":0},"end":{"line":56,"column":3}},"35":{"start":{"line":44,"column":20},"end":{"line":44,"column":28}},"36":{"start":{"line":45,"column":4},"end":{"line":45,"column":84}},"37":{"start":{"line":45,"column":44},"end":{"line":45,"column":84}},"38":{"start":{"line":48,"column":18},"end":{"line":48,"column":43}},"39":{"start":{"line":49,"column":25},"end":{"line":49,"column":42}},"40":{"start":{"line":51,"column":17},"end":{"line":51,"column":57}},"41":{"start":{"line":52,"column":4},"end":{"line":52,"column":143}},"42":{"start":{"line":52,"column":55},"end":{"line":52,"column":142}},"43":{"start":{"line":54,"column":4},"end":{"line":54,"column":68}},"44":{"start":{"line":54,"column":37},"end":{"line":54,"column":66}},"45":{"start":{"line":55,"column":4},"end":{"line":55,"column":62}},"46":{"start":{"line":58,"column":0},"end":{"line":70,"column":3}},"47":{"start":{"line":59,"column":20},"end":{"line":59,"column":33}},"48":{"start":{"line":60,"column":4},"end":{"line":60,"column":58}},"49":{"start":{"line":60,"column":18},"end":{"line":60,"column":58}},"50":{"start":{"line":62,"column":18},"end":{"line":62,"column":43}},"51":{"start":{"line":63,"column":25},"end":{"line":63,"column":42}},"52":{"start":{"line":65,"column":17},"end":{"line":65,"column":57}},"53":{"start":{"line":66,"column":4},"end":{"line":66,"column":149}},"54":{"start":{"line":66,"column":55},"end":{"line":66,"column":148}},"55":{"start":{"line":68,"column":4},"end":{"line":68,"column":68}},"56":{"start":{"line":68,"column":37},"end":{"line":68,"column":66}},"57":{"start":{"line":69,"column":4},"end":{"line":69,"column":62}},"58":{"start":{"line":72,"column":23},"end":{"line":77,"column":1}},"59":{"start":{"line":73,"column":4},"end":{"line":76,"column":5}},"60":{"start":{"line":75,"column":51},"end":{"line":75,"column":108}},"61":{"start":{"line":78,"column":29},"end":{"line":83,"column":1}},"62":{"start":{"line":79,"column":4},"end":{"line":82,"column":5}},"63":{"start":{"line":81,"column":51},"end":{"line":81,"column":109}},"64":{"start":{"line":85,"column":0},"end":{"line":85,"column":24}}},"fnMap":{"0":{"name":"(anonymous_0)","decl":{"start":{"line":6,"column":39},"end":{"line":6,"column":40}},"loc":{"start":{"line":6,"column":59},"end":{"line":13,"column":1}},"line":6},"1":{"name":"(anonymous_1)","decl":{"start":{"line":15,"column":51},"end":{"line":15,"column":52}},"loc":{"start":{"line":15,"column":71},"end":{"line":24,"column":1}},"line":15},"2":{"name":"(anonymous_2)","decl":{"start":{"line":22,"column":51},"end":{"line":22,"column":52}},"loc":{"start":{"line":22,"column":58},"end":{"line":22,"column":77}},"line":22},"3":{"name":"(anonymous_3)","decl":{"start":{"line":26,"column":40},"end":{"line":26,"column":41}},"loc":{"start":{"line":26,"column":60},"end":{"line":41,"column":1}},"line":26},"4":{"name":"(anonymous_4)","decl":{"start":{"line":36,"column":23},"end":{"line":36,"column":24}},"loc":{"start":{"line":36,"column":35},"end":{"line":36,"column":68}},"line":36},"5":{"name":"(anonymous_5)","decl":{"start":{"line":39,"column":28},"end":{"line":39,"column":29}},"loc":{"start":{"line":39,"column":37},"end":{"line":39,"column":66}},"line":39},"6":{"name":"(anonymous_6)","decl":{"start":{"line":43,"column":41},"end":{"line":43,"column":42}},"loc":{"start":{"line":43,"column":61},"end":{"line":56,"column":1}},"line":43},"7":{"name":"(anonymous_7)","decl":{"start":{"line":52,"column":40},"end":{"line":52,"column":41}},"loc":{"start":{"line":52,"column":55},"end":{"line":52,"column":142}},"line":52},"8":{"name":"(anonymous_8)","decl":{"start":{"line":54,"column":28},"end":{"line":54,"column":29}},"loc":{"start":{"line":54,"column":37},"end":{"line":54,"column":66}},"line":54},"9":{"name":"(anonymous_9)","decl":{"start":{"line":58,"column":42},"end":{"line":58,"column":43}},"loc":{"start":{"line":58,"column":62},"end":{"line":70,"column":1}},"line":58},"10":{"name":"(anonymous_10)","decl":{"start":{"line":66,"column":40},"end":{"line":66,"column":41}},"loc":{"start":{"line":66,"column":55},"end":{"line":66,"column":148}},"line":66},"11":{"name":"(anonymous_11)","decl":{"start":{"line":68,"column":28},"end":{"line":68,"column":29}},"loc":{"start":{"line":68,"column":37},"end":{"line":68,"column":66}},"line":68},"12":{"name":"(anonymous_12)","decl":{"start":{"line":72,"column":23},"end":{"line":72,"column":24}},"loc":{"start":{"line":72,"column":42},"end":{"line":77,"column":1}},"line":72},"13":{"name":"(anonymous_13)","decl":{"start":{"line":75,"column":39},"end":{"line":75,"column":40}},"loc":{"start":{"line":75,"column":51},"end":{"line":75,"column":108}},"line":75},"14":{"name":"(anonymous_14)","decl":{"start":{"line":78,"column":29},"end":{"line":78,"column":30}},"loc":{"start":{"line":78,"column":48},"end":{"line":83,"column":1}},"line":78},"15":{"name":"(anonymous_15)","decl":{"start":{"line":81,"column":39},"end":{"line":81,"column":40}},"loc":{"start":{"line":81,"column":51},"end":{"line":81,"column":109}},"line":81}},"branchMap":{"0":{"loc":{"start":{"line":28,"column":4},"end":{"line":28,"column":84}},"type":"if","locations":[{"start":{"line":28,"column":4},"end":{"line":28,"column":84}},{"start":{},"end":{}}],"line":28},"1":{"loc":{"start":{"line":37,"column":4},"end":{"line":37,"column":68}},"type":"if","locations":[{"start":{"line":37,"column":4},"end":{"line":37,"column":68}},{"start":{},"end":{}}],"line":37},"2":{"loc":{"start":{"line":45,"column":4},"end":{"line":45,"column":84}},"type":"if","locations":[{"start":{"line":45,"column":4},"end":{"line":45,"column":84}},{"start":{},"end":{}}],"line":45},"3":{"loc":{"start":{"line":52,"column":55},"end":{"line":52,"column":142}},"type":"cond-expr","locations":[{"start":{"line":52,"column":93},"end":{"line":52,"column":130}},{"start":{"line":52,"column":133},"end":{"line":52,"column":142}}],"line":52},"4":{"loc":{"start":{"line":60,"column":4},"end":{"line":60,"column":58}},"type":"if","locations":[{"start":{"line":60,"column":4},"end":{"line":60,"column":58}},{"start":{},"end":{}}],"line":60},"5":{"loc":{"start":{"line":66,"column":55},"end":{"line":66,"column":148}},"type":"cond-expr","locations":[{"start":{"line":66,"column":93},"end":{"line":66,"column":136}},{"start":{"line":66,"column":139},"end":{"line":66,"column":148}}],"line":66},"6":{"loc":{"start":{"line":75,"column":51},"end":{"line":75,"column":108}},"type":"cond-expr","locations":[{"start":{"line":75,"column":70},"end":{"line":75,"column":98}},{"start":{"line":75,"column":102},"end":{"line":75,"column":108}}],"line":75},"7":{"loc":{"start":{"line":81,"column":51},"end":{"line":81,"column":109}},"type":"cond-expr","locations":[{"start":{"line":81,"column":70},"end":{"line":81,"column":99}},{"start":{"line":81,"column":103},"end":{"line":81,"column":109}}],"line":81}},"s":{"0":3,"1":3,"2":3,"3":3,"4":3,"5":1,"6":1,"7":1,"8":1,"9":1,"10":3,"11":1,"12":1,"13":1,"14":1,"15":1,"16":1,"17":2,"18":1,"19":3,"20":3,"21":1,"22":2,"23":2,"24":2,"25":2,"26":2,"27":3,"28":2,"29":1,"30":1,"31":1,"32":0,"33":1,"34":3,"35":2,"36":2,"37":1,"38":1,"39":1,"40":1,"41":1,"42":2,"43":1,"44":0,"45":1,"46":3,"47":0,"48":0,"49":0,"50":0,"51":0,"52":0,"53":0,"54":0,"55":0,"56":0,"57":0,"58":3,"59":0,"60":0,"61":3,"62":0,"63":0,"64":3},"f":{"0":1,"1":1,"2":2,"3":3,"4":3,"5":0,"6":2,"7":2,"8":0,"9":0,"10":0,"11":0,"12":0,"13":0,"14":0,"15":0},"b":{"0":[1,2],"1":[1,1],"2":[1,1],"3":[0,2],"4":[0,0],"5":[0,0],"6":[0,0],"7":[0,0]},"_coverageSchema":"1a1c01bbd47fc00a2c39e90264f33305004495a9","hash":"2822c8d62b8ac4389713ffc8896f8ab789159d1b"}
,"C:\\Users\\Dorcsi\\Desktop\\Codecool\\FS Projects\\fapi-exam-project-2-general-dorimusz\\backend\\tests\\util\\httpMock.js": {"path":"C:\\Users\\Dorcsi\\Desktop\\Codecool\\FS Projects\\fapi-exam-project-2-general-dorimusz\\backend\\tests\\util\\httpMock.js","statementMap":{"0":{"start":{"line":2,"column":22},"end":{"line":2,"column":49}},"1":{"start":{"line":3,"column":25},"end":{"line":3,"column":54}},"2":{"start":{"line":4,"column":12},"end":{"line":4,"column":35}},"3":{"start":{"line":6,"column":13},"end":{"line":6,"column":44}},"4":{"start":{"line":8,"column":35},"end":{"line":13,"column":1}},"5":{"start":{"line":9,"column":18},"end":{"line":9,"column":45}},"6":{"start":{"line":10,"column":4},"end":{"line":12,"column":44}},"7":{"start":{"line":15,"column":33},"end":{"line":19,"column":1}},"8":{"start":{"line":16,"column":4},"end":{"line":18,"column":23}},"9":{"start":{"line":21,"column":0},"end":{"line":21,"column":73}}},"fnMap":{"0":{"name":"(anonymous_0)","decl":{"start":{"line":8,"column":35},"end":{"line":8,"column":36}},"loc":{"start":{"line":8,"column":44},"end":{"line":13,"column":1}},"line":8},"1":{"name":"(anonymous_1)","decl":{"start":{"line":15,"column":33},"end":{"line":15,"column":34}},"loc":{"start":{"line":15,"column":42},"end":{"line":19,"column":1}},"line":15}},"branchMap":{},"s":{"0":1,"1":1,"2":1,"3":1,"4":1,"5":1,"6":1,"7":1,"8":0,"9":1},"f":{"0":1,"1":0},"b":{},"_coverageSchema":"1a1c01bbd47fc00a2c39e90264f33305004495a9","hash":"3de2f936205852b3777de6e20da8df6768091bc9"}
,"C:\\Users\\Dorcsi\\Desktop\\Codecool\\FS Projects\\fapi-exam-project-2-general-dorimusz\\backend\\tests\\util\\inMemoryDB.js": {"path":"C:\\Users\\Dorcsi\\Desktop\\Codecool\\FS Projects\\fapi-exam-project-2-general-dorimusz\\backend\\tests\\util\\inMemoryDB.js","statementMap":{"0":{"start":{"line":1,"column":30},"end":{"line":1,"column":62}},"1":{"start":{"line":2,"column":17},"end":{"line":2,"column":36}},"2":{"start":{"line":4,"column":16},"end":{"line":9,"column":1}},"3":{"start":{"line":5,"column":19},"end":{"line":5,"column":51}},"4":{"start":{"line":6,"column":16},"end":{"line":6,"column":31}},"5":{"start":{"line":7,"column":23},"end":{"line":7,"column":50}},"6":{"start":{"line":8,"column":4},"end":{"line":8,"column":31}},"7":{"start":{"line":12,"column":15},"end":{"line":16,"column":1}},"8":{"start":{"line":14,"column":4},"end":{"line":14,"column":34}},"9":{"start":{"line":15,"column":4},"end":{"line":15,"column":24}},"10":{"start":{"line":18,"column":18},"end":{"line":24,"column":1}},"11":{"start":{"line":22,"column":21},"end":{"line":22,"column":75}},"12":{"start":{"line":22,"column":51},"end":{"line":22,"column":74}},"13":{"start":{"line":23,"column":4},"end":{"line":23,"column":32}},"14":{"start":{"line":26,"column":0},"end":{"line":26,"column":47}}},"fnMap":{"0":{"name":"(anonymous_0)","decl":{"start":{"line":4,"column":16},"end":{"line":4,"column":17}},"loc":{"start":{"line":4,"column":28},"end":{"line":9,"column":1}},"line":4},"1":{"name":"(anonymous_1)","decl":{"start":{"line":12,"column":15},"end":{"line":12,"column":16}},"loc":{"start":{"line":12,"column":45},"end":{"line":16,"column":1}},"line":12},"2":{"name":"(anonymous_2)","decl":{"start":{"line":18,"column":18},"end":{"line":18,"column":19}},"loc":{"start":{"line":18,"column":44},"end":{"line":24,"column":1}},"line":18},"3":{"name":"(anonymous_3)","decl":{"start":{"line":22,"column":37},"end":{"line":22,"column":38}},"loc":{"start":{"line":22,"column":51},"end":{"line":22,"column":74}},"line":22}},"branchMap":{},"s":{"0":3,"1":3,"2":3,"3":8,"4":8,"5":8,"6":8,"7":3,"8":8,"9":5,"10":3,"11":21,"12":21,"13":21,"14":3},"f":{"0":8,"1":8,"2":21,"3":21},"b":{},"_coverageSchema":"1a1c01bbd47fc00a2c39e90264f33305004495a9","hash":"f79f25b8ad5c27572a7f52c82b7608f3044cd3a4"}
,"C:\\Users\\Dorcsi\\Desktop\\Codecool\\FS Projects\\fapi-exam-project-2-general-dorimusz\\backend\\utils\\http.js": {"path":"C:\\Users\\Dorcsi\\Desktop\\Codecool\\FS Projects\\fapi-exam-project-2-general-dorimusz\\backend\\utils\\http.js","statementMap":{"0":{"start":{"line":1,"column":27},"end":{"line":1,"column":43}},"1":{"start":{"line":3,"column":13},"end":{"line":35,"column":1}},"2":{"start":{"line":4,"column":21},"end":{"line":7,"column":6}},"3":{"start":{"line":10,"column":17},"end":{"line":21,"column":5}},"4":{"start":{"line":11,"column":8},"end":{"line":20,"column":9}},"5":{"start":{"line":12,"column":29},"end":{"line":12,"column":59}},"6":{"start":{"line":13,"column":12},"end":{"line":13,"column":57}},"7":{"start":{"line":14,"column":12},"end":{"line":14,"column":27}},"8":{"start":{"line":17,"column":12},"end":{"line":17,"column":73}},"9":{"start":{"line":18,"column":12},"end":{"line":18,"column":70}},"10":{"start":{"line":19,"column":12},"end":{"line":19,"column":33}},"11":{"start":{"line":23,"column":16},"end":{"line":32,"column":5}},"12":{"start":{"line":24,"column":8},"end":{"line":31,"column":9}},"13":{"start":{"line":25,"column":29},"end":{"line":25,"column":58}},"14":{"start":{"line":26,"column":12},"end":{"line":26,"column":28}},"15":{"start":{"line":28,"column":12},"end":{"line":28,"column":72}},"16":{"start":{"line":29,"column":12},"end":{"line":29,"column":68}},"17":{"start":{"line":30,"column":12},"end":{"line":30,"column":34}},"18":{"start":{"line":33,"column":4},"end":{"line":33,"column":45}},"19":{"start":{"line":37,"column":0},"end":{"line":37,"column":24}}},"fnMap":{"0":{"name":"(anonymous_0)","decl":{"start":{"line":3,"column":13},"end":{"line":3,"column":14}},"loc":{"start":{"line":3,"column":19},"end":{"line":35,"column":1}},"line":3},"1":{"name":"(anonymous_1)","decl":{"start":{"line":10,"column":17},"end":{"line":10,"column":18}},"loc":{"start":{"line":10,"column":38},"end":{"line":21,"column":5}},"line":10},"2":{"name":"(anonymous_2)","decl":{"start":{"line":23,"column":16},"end":{"line":23,"column":17}},"loc":{"start":{"line":23,"column":37},"end":{"line":32,"column":5}},"line":23}},"branchMap":{},"s":{"0":3,"1":3,"2":3,"3":3,"4":1,"5":1,"6":1,"7":1,"8":0,"9":0,"10":0,"11":3,"12":0,"13":0,"14":0,"15":0,"16":0,"17":0,"18":3,"19":3},"f":{"0":3,"1":1,"2":0},"b":{},"_coverageSchema":"1a1c01bbd47fc00a2c39e90264f33305004495a9","hash":"09bd3925a8ddae4708511debad3e21241a3d3a4f"}
,"C:\\Users\\Dorcsi\\Desktop\\Codecool\\FS Projects\\fapi-exam-project-2-general-dorimusz\\backend\\utils\\logger.js": {"path":"C:\\Users\\Dorcsi\\Desktop\\Codecool\\FS Projects\\fapi-exam-project-2-general-dorimusz\\backend\\utils\\logger.js","statementMap":{"0":{"start":{"line":1,"column":13},"end":{"line":1,"column":28}},"1":{"start":{"line":2,"column":53},"end":{"line":2,"column":77}},"2":{"start":{"line":4,"column":15},"end":{"line":7,"column":2}},"3":{"start":{"line":10,"column":13},"end":{"line":13,"column":2}},"4":{"start":{"line":16,"column":15},"end":{"line":22,"column":10}},"5":{"start":{"line":24,"column":0},"end":{"line":24,"column":24}}},"fnMap":{},"branchMap":{},"s":{"0":3,"1":3,"2":3,"3":3,"4":3,"5":3},"f":{},"b":{},"_coverageSchema":"1a1c01bbd47fc00a2c39e90264f33305004495a9","hash":"f82b45cedb980066aee4270538525e089d306a14"}
}
