TN:
SF:app.config.js
FNF:0
FNH:0
DA:1,4
DA:39,4
LF:2
LH:2
BRDA:5,0,0,4
BRDA:5,0,1,0
BRDA:6,1,0,4
BRDA:6,1,1,0
BRDA:16,2,0,4
BRDA:16,2,1,4
BRDA:17,3,0,4
BRDA:17,3,1,4
BRDA:18,4,0,4
BRDA:18,4,1,4
BRF:10
BRH:8
end_of_record
TN:
SF:app.js
FNF:0
FNH:0
DA:1,4
DA:2,4
DA:3,4
DA:4,4
DA:6,4
DA:7,4
DA:8,4
DA:9,4
DA:11,4
DA:15,4
DA:16,4
DA:19,4
DA:20,4
DA:21,4
DA:22,4
DA:23,4
DA:24,4
DA:25,4
DA:26,4
DA:28,4
DA:30,4
LF:21
LH:21
BRF:0
BRH:0
end_of_record
TN:
SF:middlewares\auth.js
FN:3,(anonymous_0)
FN:3,(anonymous_1)
FN:5,(anonymous_2)
FNF:3
FNH:3
FNDA:56,(anonymous_0)
FNDA:27,(anonymous_1)
FNDA:27,(anonymous_2)
DA:1,4
DA:3,56
DA:4,27
DA:5,27
DA:6,27
DA:7,26
DA:8,26
DA:12,4
LF:8
LH:8
BRDA:6,0,0,1
BRDA:6,0,1,26
BRDA:6,1,0,27
BRDA:6,1,1,6
BRF:4
BRH:4
end_of_record
TN:
SF:middlewares\errorHandler.js
FN:2,(anonymous_0)
FNF:1
FNH:0
FNDA:0,(anonymous_0)
DA:1,4
DA:2,4
DA:3,0
DA:5,0
DA:8,4
LF:5
LH:3
BRF:0
BRH:0
end_of_record
TN:
SF:middlewares\logger.js
FN:1,(anonymous_0)
FNF:1
FNH:0
FNDA:0,(anonymous_0)
DA:1,4
DA:2,0
LF:2
LH:1
BRF:0
BRH:0
end_of_record
TN:
SF:models\request.js
FNF:0
FNH:0
DA:1,4
DA:3,4
DA:10,4
DA:11,4
LF:4
LH:4
BRF:0
BRH:0
end_of_record
TN:
SF:models\user.js
FNF:0
FNH:0
DA:1,4
DA:4,4
DA:12,4
DA:25,4
DA:34,4
DA:35,4
LF:6
LH:6
BRF:0
BRH:0
end_of_record
TN:
SF:routes\manageShows.js
FN:6,(anonymous_0)
FN:15,(anonymous_1)
FN:24,(anonymous_2)
FN:26,(anonymous_3)
FN:30,(anonymous_4)
FN:38,(anonymous_5)
FN:40,(anonymous_6)
FN:44,(anonymous_7)
FN:52,(anonymous_8)
FN:54,(anonymous_9)
FN:58,(anonymous_10)
FN:62,(anonymous_11)
FN:66,(anonymous_12)
FNF:13
FNH:5
FNDA:1,(anonymous_0)
FNDA:2,(anonymous_1)
FNDA:2,(anonymous_2)
FNDA:0,(anonymous_3)
FNDA:2,(anonymous_4)
FNDA:2,(anonymous_5)
FNDA:0,(anonymous_6)
FNDA:0,(anonymous_7)
FNDA:0,(anonymous_8)
FNDA:0,(anonymous_9)
FNDA:0,(anonymous_10)
FNDA:0,(anonymous_11)
FNDA:0,(anonymous_12)
DA:1,4
DA:2,4
DA:3,4
DA:4,4
DA:6,4
DA:7,1
DA:8,1
DA:10,1
DA:12,1
DA:15,4
DA:16,2
DA:17,1
DA:20,1
DA:21,1
DA:23,1
DA:24,2
DA:26,1
DA:27,1
DA:30,4
DA:31,2
DA:32,1
DA:34,1
DA:35,1
DA:37,1
DA:38,2
DA:40,1
DA:41,1
DA:44,4
DA:45,0
DA:46,0
DA:48,0
DA:49,0
DA:51,0
DA:52,0
DA:54,0
DA:55,0
DA:58,4
DA:59,0
DA:62,4
DA:63,0
DA:66,4
DA:67,0
DA:70,4
LF:43
LH:32
BRDA:16,0,0,1
BRDA:16,0,1,1
BRDA:24,1,0,0
BRDA:24,1,1,2
BRDA:31,2,0,1
BRDA:31,2,1,1
BRDA:32,3,0,0
BRDA:32,3,1,1
BRDA:38,4,0,0
BRDA:38,4,1,2
BRDA:46,5,0,0
BRDA:46,5,1,0
BRDA:52,6,0,0
BRDA:52,6,1,0
BRF:14
BRH:7
end_of_record
TN:
SF:routes\request.js
FN:5,(anonymous_0)
FN:10,(anonymous_1)
FN:23,(anonymous_2)
FNF:3
FNH:2
FNDA:1,(anonymous_0)
FNDA:3,(anonymous_1)
FNDA:0,(anonymous_2)
DA:1,4
DA:2,4
DA:3,4
DA:5,4
DA:6,1
DA:7,1
DA:10,4
DA:12,3
DA:14,3
DA:15,2
DA:16,2
DA:18,1
DA:23,1
DA:24,1
DA:27,4
LF:15
LH:15
BRDA:14,0,0,1
BRDA:14,0,1,2
BRDA:16,1,0,1
BRDA:16,1,1,1
BRF:4
BRH:4
end_of_record
TN:
SF:routes\user.js
FN:8,(anonymous_0)
FN:53,(anonymous_1)
FN:61,(anonymous_2)
FNF:3
FNH:3
FNDA:5,(anonymous_0)
FNDA:3,(anonymous_1)
FNDA:1,(anonymous_2)
DA:1,4
DA:2,4
DA:3,4
DA:4,4
DA:5,4
DA:6,4
DA:8,4
DA:9,5
DA:10,5
DA:12,5
DA:13,5
DA:14,5
DA:15,2
DA:17,1
DA:30,1
DA:31,1
DA:33,1
DA:34,1
DA:35,1
DA:38,1
DA:39,1
DA:43,1
DA:44,0
DA:45,0
DA:48,1
DA:50,1
DA:53,4
DA:54,3
DA:55,2
DA:57,2
DA:58,2
DA:61,4
DA:62,1
DA:63,1
DA:64,1
DA:65,1
DA:68,4
LF:37
LH:35
BRDA:10,0,0,0
BRDA:10,0,1,5
BRDA:14,1,0,3
BRDA:14,1,1,2
BRDA:14,2,0,5
BRDA:14,2,1,3
BRDA:15,3,0,1
BRDA:15,3,1,1
BRDA:30,4,0,0
BRDA:30,4,1,1
BRDA:31,5,0,0
BRDA:31,5,1,1
BRDA:34,6,0,0
BRDA:34,6,1,1
BRDA:43,7,0,0
BRDA:43,7,1,1
BRDA:43,8,0,1
BRDA:43,8,1,0
BRDA:48,9,0,0
BRDA:48,9,1,1
BRDA:54,10,0,1
BRDA:54,10,1,2
BRF:22
BRH:15
end_of_record
TN:
SF:routes\watchlist.js
FN:6,(anonymous_0)
FN:14,(anonymous_1)
FN:21,(anonymous_2)
FN:25,(anonymous_3)
FN:35,(anonymous_4)
FN:38,(anonymous_5)
FN:42,(anonymous_6)
FN:51,(anonymous_7)
FN:53,(anonymous_8)
FN:57,(anonymous_9)
FN:65,(anonymous_10)
FN:67,(anonymous_11)
FN:71,(anonymous_12)
FN:74,(anonymous_13)
FN:77,(anonymous_14)
FN:80,(anonymous_15)
FNF:16
FNH:8
FNDA:1,(anonymous_0)
FNDA:1,(anonymous_1)
FNDA:2,(anonymous_2)
FNDA:3,(anonymous_3)
FNDA:3,(anonymous_4)
FNDA:0,(anonymous_5)
FNDA:2,(anonymous_6)
FNDA:2,(anonymous_7)
FNDA:0,(anonymous_8)
FNDA:1,(anonymous_9)
FNDA:0,(anonymous_10)
FNDA:0,(anonymous_11)
FNDA:0,(anonymous_12)
FNDA:0,(anonymous_13)
FNDA:0,(anonymous_14)
FNDA:0,(anonymous_15)
DA:1,4
DA:2,4
DA:3,4
DA:4,4
DA:6,4
DA:7,1
DA:8,1
DA:9,1
DA:11,1
DA:14,4
DA:15,1
DA:16,1
DA:17,1
DA:18,1
DA:19,1
DA:21,2
DA:22,1
DA:25,4
DA:27,3
DA:28,2
DA:30,2
DA:31,2
DA:33,2
DA:35,3
DA:36,2
DA:37,1
DA:38,1
DA:39,1
DA:42,4
DA:43,2
DA:44,2
DA:47,1
DA:48,1
DA:50,1
DA:51,2
DA:53,1
DA:54,1
DA:57,4
DA:58,1
DA:59,1
DA:61,0
DA:62,0
DA:64,0
DA:65,0
DA:67,0
DA:68,0
DA:71,4
DA:72,0
DA:74,0
DA:77,4
DA:78,0
DA:80,0
DA:84,4
LF:53
LH:43
BRDA:27,0,0,1
BRDA:27,0,1,2
BRDA:36,1,0,1
BRDA:36,1,1,1
BRDA:44,2,0,1
BRDA:44,2,1,1
BRDA:51,3,0,0
BRDA:51,3,1,2
BRDA:59,4,0,1
BRDA:59,4,1,0
BRDA:65,5,0,0
BRDA:65,5,1,0
BRDA:74,6,0,0
BRDA:74,6,1,0
BRDA:80,7,0,0
BRDA:80,7,1,0
BRF:16
BRH:8
end_of_record
TN:
SF:tests\util\httpMock.js
FN:8,(anonymous_0)
FN:15,(anonymous_1)
FNF:2
FNH:1
FNDA:1,(anonymous_0)
FNDA:0,(anonymous_1)
DA:2,1
DA:3,1
DA:4,1
DA:6,1
DA:8,1
DA:9,1
DA:10,1
DA:15,1
DA:16,0
DA:21,1
LF:10
LH:9
BRF:0
BRH:0
end_of_record
TN:
SF:tests\util\inMemoryDB.js
FN:4,(anonymous_0)
FN:12,(anonymous_1)
FN:18,(anonymous_2)
FN:22,(anonymous_3)
FNF:4
FNH:4
FNDA:11,(anonymous_0)
FNDA:11,(anonymous_1)
FNDA:27,(anonymous_2)
FNDA:27,(anonymous_3)
DA:1,4
DA:2,4
DA:4,4
DA:5,11
DA:6,11
DA:7,11
DA:8,11
DA:12,4
DA:14,11
DA:15,7
DA:18,4
DA:22,27
DA:23,27
DA:26,4
LF:14
LH:14
BRF:0
BRH:0
end_of_record
TN:
SF:utils\http.js
FN:3,(anonymous_0)
FN:10,(anonymous_1)
FN:23,(anonymous_2)
FNF:3
FNH:2
FNDA:4,(anonymous_0)
FNDA:1,(anonymous_1)
FNDA:0,(anonymous_2)
DA:1,4
DA:3,4
DA:4,4
DA:10,4
DA:11,1
DA:12,1
DA:14,1
DA:19,0
DA:23,4
DA:24,0
DA:25,0
DA:26,0
DA:30,0
DA:33,4
DA:36,4
LF:15
LH:10
BRF:0
BRH:0
end_of_record
TN:
SF:utils\logger.js
FNF:0
FNH:0
DA:1,4
DA:2,4
DA:4,4
DA:10,4
DA:16,4
DA:24,4
LF:6
LH:6
BRF:0
BRH:0
end_of_record
